2024-07-08T08:55:35.322-04:00  INFO 1184 --- [console-app] [main] com.os.console.SpringBootConsoleApp      : Starting SpringBootConsoleApp using Java 17.0.10 with PID 1184 (C:\Users\mschoenberg\git\1source-api\console-app\target\classes started by mschoenberg in C:\Users\mschoenberg\git\1source-api\console-app)
2024-07-08T08:55:35.331-04:00 DEBUG 1184 --- [console-app] [main] com.os.console.SpringBootConsoleApp      : Running with Spring Boot v3.3.1, Spring v6.1.10
2024-07-08T08:55:35.332-04:00  INFO 1184 --- [console-app] [main] com.os.console.SpringBootConsoleApp      : No active profile set, falling back to 1 default profile: "default"
2024-07-08T08:55:36.771-04:00  INFO 1184 --- [console-app] [main] com.os.console.SpringBootConsoleApp      : Started SpringBootConsoleApp in 1.946 seconds (process running for 2.436)
2024-07-08T08:55:36.775-04:00  INFO 1184 --- [console-app] [main] com.os.console.SpringBootConsoleApp      : EXECUTING : command line runner
2024-07-08T08:55:37.560-04:00 DEBUG 1184 --- [console-app] [main] com.os.console.api.tasks.AuthTask        : Ledger access token: eyJhbGciOiJSUzI1NiIsInR5cCIgOiAiSldUIiwia2lkIiA6ICI2YUFiZ2RLQUVyQVhCN2dRV2ZBbDc0a09Qck52WFdhSS1xTjBDckJkN0FjIn0.eyJleHAiOjE3MjA0NDQyMzcsImlhdCI6MTcyMDQ0MzMzNywianRpIjoiZGY2ZTA4ODgtYWU1My00ZjlhLTk3YTgtMmI2NWVjNTA2YTI5IiwiaXNzIjoiaHR0cHM6Ly9xYWF1dGguZXF1aWxlbmQuY29tL2F1dGgvcmVhbG1zLzFTb3VyY2UiLCJzdWIiOiJmNmU4ZGE3Zi0xOTk2LTRlYTgtOWE0Zi01ZjMyOTA5M2E0NmIiLCJ0eXAiOiJCZWFyZXIiLCJhenAiOiJjYW50b24tcGFydGljaXBhbnQxLWNsaWVudCIsInNlc3Npb25fc3RhdGUiOiJjNzJhMmU4Zi1iMmJhLTRmZGEtYWI5MC01NDNmNjlhNTcxYmEiLCJhY3IiOiIxIiwicmVhbG1fYWNjZXNzIjp7InJvbGVzIjpbImRlZmF1bHQtcm9sZXMtMXNvdXJjZSIsIm9mZmxpbmVfYWNjZXNzIiwidW1hX2F1dGhvcml6YXRpb24iXX0sInJlc291cmNlX2FjY2VzcyI6eyJhY2NvdW50Ijp7InJvbGVzIjpbIm1hbmFnZS1hY2NvdW50IiwibWFuYWdlLWFjY291bnQtbGlua3MiLCJ2aWV3LXByb2ZpbGUiXX19LCJzY29wZSI6ImVtYWlsIHByb2ZpbGUgZGFtbF9sZWRnZXJfYXBpIiwic2lkIjoiYzcyYTJlOGYtYjJiYS00ZmRhLWFiOTAtNTQzZjY5YTU3MWJhIiwiZW1haWxfdmVyaWZpZWQiOmZhbHNlLCJncm91cHMiOlsiL1BhcnRpY2lwYW50MS9UZXN0TGVuZGVyMSJdLCJwcmVmZXJyZWRfdXNlcm5hbWUiOiJ0ZXN0bGVuZGVyMXVzZXIifQ.gtHaP3nwxg0hVCrLuiMmgaZQpZjUxWpta3Q0oCUbxLzEzx8oKcGUHJ9zYQfT2E-cvujqZdxNZACWPCxzLM1OHr3iTWxvGGhBeaRdb80lkgL8F3pBVBN5ztGsbe0mHVwGm345Ss6DtzRtBbtAq9F9aByOuI1cYZvkJtsRbo-OhoD8ZytTEVHBoHSe4Wg6hu1qZsafuuT3s3HIqaici7LqmR7YWFTGhWWB3IlawaAxnce-l9iVlBpVsPXcC0R4Icp8OGxd86hVuRyilbLQtThSNDG5XLKImilIM3YvtD0KWYqf-YGv6Ag9vmP3FGHKvDTRf2Uxiah4CQZDoVowDPhr5g
2024-07-08T08:55:41.761-04:00 DEBUG 1184 --- [console-app] [scheduling-1] com.os.console.api.ScheduledKeepAlive    : Token TTL: 895798
2024-07-08T08:55:46.758-04:00 DEBUG 1184 --- [console-app] [scheduling-1] com.os.console.api.ScheduledKeepAlive    : Token TTL: 890801
2024-07-08T08:55:51.767-04:00 DEBUG 1184 --- [console-app] [scheduling-1] com.os.console.api.ScheduledKeepAlive    : Token TTL: 885792
2024-07-08T08:55:56.772-04:00 DEBUG 1184 --- [console-app] [scheduling-1] com.os.console.api.ScheduledKeepAlive    : Token TTL: 880787
2024-07-08T08:56:01.162-04:00 DEBUG 1184 --- [console-app] [main] c.o.c.api.tasks.ProposeContractTask      : {"trade":{"venues":[{"type":"OFFPLATFORM","venueRefKey":"CONSOLE1720443354418"}],"instrument":{"ticker":"ATI","cusip":"01741R102","isin":"US01741R1023","sedol":"2526117","figi":"BBG000LC1FS4","marketCd":"US","description":"ATI INC COM","price":{"value":57.43,"currency":"USD","unit":"SHARE"}},"rate":{"rebate":{"floating":{"benchmark":"OBFR","spread":165.0,"isAutoRerate":true,"effectiveDate":"2024-07-08","cutoffTime":"18:00"}}},"quantity":77900,"billingCurrency":"USD","dividendRatePct":85.0,"tradeDate":"2024-07-08","termType":"OPEN","settlementDate":"2024-07-09","settlementType":"DVP","collateral":{"contractPrice":57.43,"contractValue":4473797.0,"collateralValue":4563272.94,"currency":"USD","type":"CASH","margin":102.0,"roundingRule":10,"roundingMode":"ALWAYSUP"},"transactingParties":[{"partyRole":"BORROWER","party":{"partyId":"TLEN-US","partyName":"TestLender1","gleifLei":"KTB500SKZSDI75VSFU40"},"internalRef":{}},{"partyRole":"LENDER","party":{"partyId":"TBORR-US","partyName":"TestBorrower1","gleifLei":"KTB500SKZSDI75VSFU40"},"internalRef":{"internalRefId":"f1a0d1c8-bc89-40fc-b7c7-58e5c4e18d40"}}]},"settlement":[{"partyRole":"LENDER","settlementStatus":"NONE","instruction":{}}]}
2024-07-08T08:56:01.769-04:00 DEBUG 1184 --- [console-app] [scheduling-1] com.os.console.api.ScheduledKeepAlive    : Token TTL: 875790
2024-07-08T08:56:06.760-04:00 DEBUG 1184 --- [console-app] [scheduling-1] com.os.console.api.ScheduledKeepAlive    : Token TTL: 870799
2024-07-08T08:56:11.772-04:00 DEBUG 1184 --- [console-app] [scheduling-1] com.os.console.api.ScheduledKeepAlive    : Token TTL: 865787
2024-07-08T08:56:16.761-04:00 DEBUG 1184 --- [console-app] [scheduling-1] com.os.console.api.ScheduledKeepAlive    : Token TTL: 860798
2024-07-08T08:56:21.768-04:00 DEBUG 1184 --- [console-app] [scheduling-1] com.os.console.api.ScheduledKeepAlive    : Token TTL: 855791
2024-07-08T08:56:26.782-04:00 DEBUG 1184 --- [console-app] [scheduling-1] com.os.console.api.ScheduledKeepAlive    : Token TTL: 850777
2024-07-08T08:56:31.760-04:00 DEBUG 1184 --- [console-app] [scheduling-1] com.os.console.api.ScheduledKeepAlive    : Token TTL: 845799
2024-07-08T08:56:36.771-04:00 DEBUG 1184 --- [console-app] [scheduling-1] com.os.console.api.ScheduledKeepAlive    : Token TTL: 840788
2024-07-08T08:56:41.757-04:00 DEBUG 1184 --- [console-app] [scheduling-1] com.os.console.api.ScheduledKeepAlive    : Token TTL: 835802
2024-07-08T08:56:46.770-04:00 DEBUG 1184 --- [console-app] [scheduling-1] com.os.console.api.ScheduledKeepAlive    : Token TTL: 830789
2024-07-08T08:56:51.767-04:00 DEBUG 1184 --- [console-app] [scheduling-1] com.os.console.api.ScheduledKeepAlive    : Token TTL: 825792
2024-07-08T08:56:56.771-04:00 DEBUG 1184 --- [console-app] [scheduling-1] com.os.console.api.ScheduledKeepAlive    : Token TTL: 820788
2024-07-08T08:57:01.768-04:00 DEBUG 1184 --- [console-app] [scheduling-1] com.os.console.api.ScheduledKeepAlive    : Token TTL: 815791
2024-07-08T08:57:06.768-04:00 DEBUG 1184 --- [console-app] [scheduling-1] com.os.console.api.ScheduledKeepAlive    : Token TTL: 810791
2024-07-08T08:57:11.758-04:00 DEBUG 1184 --- [console-app] [scheduling-1] com.os.console.api.ScheduledKeepAlive    : Token TTL: 805801
2024-07-08T08:57:16.762-04:00 DEBUG 1184 --- [console-app] [scheduling-1] com.os.console.api.ScheduledKeepAlive    : Token TTL: 800797
2024-07-08T08:57:21.771-04:00 DEBUG 1184 --- [console-app] [scheduling-1] com.os.console.api.ScheduledKeepAlive    : Token TTL: 795788
2024-07-08T08:57:26.763-04:00 DEBUG 1184 --- [console-app] [scheduling-1] com.os.console.api.ScheduledKeepAlive    : Token TTL: 790796
2024-07-08T08:57:31.760-04:00 DEBUG 1184 --- [console-app] [scheduling-1] com.os.console.api.ScheduledKeepAlive    : Token TTL: 785799
2024-07-08T08:57:36.761-04:00 DEBUG 1184 --- [console-app] [scheduling-1] com.os.console.api.ScheduledKeepAlive    : Token TTL: 780798
2024-07-08T08:57:41.762-04:00 DEBUG 1184 --- [console-app] [scheduling-1] com.os.console.api.ScheduledKeepAlive    : Token TTL: 775797
2024-07-08T08:57:46.764-04:00 DEBUG 1184 --- [console-app] [scheduling-1] com.os.console.api.ScheduledKeepAlive    : Token TTL: 770795
2024-07-08T08:57:51.768-04:00 DEBUG 1184 --- [console-app] [scheduling-1] com.os.console.api.ScheduledKeepAlive    : Token TTL: 765791
2024-07-08T08:57:56.767-04:00 DEBUG 1184 --- [console-app] [scheduling-1] com.os.console.api.ScheduledKeepAlive    : Token TTL: 760792
2024-07-08T08:58:01.769-04:00 DEBUG 1184 --- [console-app] [scheduling-1] com.os.console.api.ScheduledKeepAlive    : Token TTL: 755790
2024-07-08T08:58:06.768-04:00 DEBUG 1184 --- [console-app] [scheduling-1] com.os.console.api.ScheduledKeepAlive    : Token TTL: 750791
2024-07-08T08:58:11.771-04:00 DEBUG 1184 --- [console-app] [scheduling-1] com.os.console.api.ScheduledKeepAlive    : Token TTL: 745788
2024-07-08T08:58:16.771-04:00 DEBUG 1184 --- [console-app] [scheduling-1] com.os.console.api.ScheduledKeepAlive    : Token TTL: 740788
2024-07-08T08:58:21.769-04:00 DEBUG 1184 --- [console-app] [scheduling-1] com.os.console.api.ScheduledKeepAlive    : Token TTL: 735790
2024-07-08T08:58:26.760-04:00 DEBUG 1184 --- [console-app] [scheduling-1] com.os.console.api.ScheduledKeepAlive    : Token TTL: 730799
2024-07-08T08:58:31.768-04:00 DEBUG 1184 --- [console-app] [scheduling-1] com.os.console.api.ScheduledKeepAlive    : Token TTL: 725791
2024-07-08T08:58:36.763-04:00 DEBUG 1184 --- [console-app] [scheduling-1] com.os.console.api.ScheduledKeepAlive    : Token TTL: 720796
2024-07-08T08:58:41.766-04:00 DEBUG 1184 --- [console-app] [scheduling-1] com.os.console.api.ScheduledKeepAlive    : Token TTL: 715793
2024-07-08T08:58:46.766-04:00 DEBUG 1184 --- [console-app] [scheduling-1] com.os.console.api.ScheduledKeepAlive    : Token TTL: 710793
2024-07-08T08:58:51.774-04:00 DEBUG 1184 --- [console-app] [scheduling-1] com.os.console.api.ScheduledKeepAlive    : Token TTL: 705785
2024-07-08T08:58:56.774-04:00 DEBUG 1184 --- [console-app] [scheduling-1] com.os.console.api.ScheduledKeepAlive    : Token TTL: 700785
2024-07-08T08:59:01.770-04:00 DEBUG 1184 --- [console-app] [scheduling-1] com.os.console.api.ScheduledKeepAlive    : Token TTL: 695789
2024-07-08T08:59:06.766-04:00 DEBUG 1184 --- [console-app] [scheduling-1] com.os.console.api.ScheduledKeepAlive    : Token TTL: 690793
2024-07-08T08:59:11.767-04:00 DEBUG 1184 --- [console-app] [scheduling-1] com.os.console.api.ScheduledKeepAlive    : Token TTL: 685792
2024-07-08T08:59:16.771-04:00 DEBUG 1184 --- [console-app] [scheduling-1] com.os.console.api.ScheduledKeepAlive    : Token TTL: 680788
2024-07-08T08:59:21.769-04:00 DEBUG 1184 --- [console-app] [scheduling-1] com.os.console.api.ScheduledKeepAlive    : Token TTL: 675790
2024-07-08T08:59:26.766-04:00 DEBUG 1184 --- [console-app] [scheduling-1] com.os.console.api.ScheduledKeepAlive    : Token TTL: 670793
2024-07-08T08:59:31.767-04:00 DEBUG 1184 --- [console-app] [scheduling-1] com.os.console.api.ScheduledKeepAlive    : Token TTL: 665792
2024-07-08T08:59:36.761-04:00 DEBUG 1184 --- [console-app] [scheduling-1] com.os.console.api.ScheduledKeepAlive    : Token TTL: 660798
2024-07-08T08:59:41.771-04:00 DEBUG 1184 --- [console-app] [scheduling-1] com.os.console.api.ScheduledKeepAlive    : Token TTL: 655788
2024-07-08T08:59:46.772-04:00 DEBUG 1184 --- [console-app] [scheduling-1] com.os.console.api.ScheduledKeepAlive    : Token TTL: 650787
2024-07-08T08:59:51.769-04:00 DEBUG 1184 --- [console-app] [scheduling-1] com.os.console.api.ScheduledKeepAlive    : Token TTL: 645790
2024-07-08T08:59:56.762-04:00 DEBUG 1184 --- [console-app] [scheduling-1] com.os.console.api.ScheduledKeepAlive    : Token TTL: 640797
2024-07-08T09:00:01.774-04:00 DEBUG 1184 --- [console-app] [scheduling-1] com.os.console.api.ScheduledKeepAlive    : Token TTL: 635785
2024-07-08T09:00:06.768-04:00 DEBUG 1184 --- [console-app] [scheduling-1] com.os.console.api.ScheduledKeepAlive    : Token TTL: 630791
2024-07-08T09:00:11.760-04:00 DEBUG 1184 --- [console-app] [scheduling-1] com.os.console.api.ScheduledKeepAlive    : Token TTL: 625799
2024-07-08T09:00:16.769-04:00 DEBUG 1184 --- [console-app] [scheduling-1] com.os.console.api.ScheduledKeepAlive    : Token TTL: 620790
2024-07-08T09:00:21.760-04:00 DEBUG 1184 --- [console-app] [scheduling-1] com.os.console.api.ScheduledKeepAlive    : Token TTL: 615799
2024-07-08T09:00:26.766-04:00 DEBUG 1184 --- [console-app] [scheduling-1] com.os.console.api.ScheduledKeepAlive    : Token TTL: 610793
2024-07-08T09:00:31.764-04:00 DEBUG 1184 --- [console-app] [scheduling-1] com.os.console.api.ScheduledKeepAlive    : Token TTL: 605795
2024-07-08T09:00:36.770-04:00 DEBUG 1184 --- [console-app] [scheduling-1] com.os.console.api.ScheduledKeepAlive    : Token TTL: 600789
2024-07-08T09:00:41.760-04:00 DEBUG 1184 --- [console-app] [scheduling-1] com.os.console.api.ScheduledKeepAlive    : Token TTL: 595799
2024-07-08T09:00:46.764-04:00 DEBUG 1184 --- [console-app] [scheduling-1] com.os.console.api.ScheduledKeepAlive    : Token TTL: 590795
2024-07-08T09:00:51.772-04:00 DEBUG 1184 --- [console-app] [scheduling-1] com.os.console.api.ScheduledKeepAlive    : Token TTL: 585787
2024-07-08T09:00:56.766-04:00 DEBUG 1184 --- [console-app] [scheduling-1] com.os.console.api.ScheduledKeepAlive    : Token TTL: 580793
2024-07-08T09:02:04.293-04:00  INFO 8020 --- [console-app] [main] com.os.console.SpringBootConsoleApp      : Starting SpringBootConsoleApp using Java 17.0.10 with PID 8020 (C:\Users\mschoenberg\git\1source-api\console-app\target\classes started by mschoenberg in C:\Users\mschoenberg\git\1source-api\console-app)
2024-07-08T09:02:04.294-04:00 DEBUG 8020 --- [console-app] [main] com.os.console.SpringBootConsoleApp      : Running with Spring Boot v3.3.1, Spring v6.1.10
2024-07-08T09:02:04.295-04:00  INFO 8020 --- [console-app] [main] com.os.console.SpringBootConsoleApp      : No active profile set, falling back to 1 default profile: "default"
2024-07-08T09:02:05.735-04:00  INFO 8020 --- [console-app] [main] com.os.console.SpringBootConsoleApp      : Started SpringBootConsoleApp in 1.94 seconds (process running for 2.43)
2024-07-08T09:02:05.738-04:00  INFO 8020 --- [console-app] [main] com.os.console.SpringBootConsoleApp      : EXECUTING : command line runner
2024-07-08T09:02:06.426-04:00 DEBUG 8020 --- [console-app] [main] com.os.console.api.tasks.AuthTask        : Ledger access token: eyJhbGciOiJSUzI1NiIsInR5cCIgOiAiSldUIiwia2lkIiA6ICI2YUFiZ2RLQUVyQVhCN2dRV2ZBbDc0a09Qck52WFdhSS1xTjBDckJkN0FjIn0.eyJleHAiOjE3MjA0NDQ2MjYsImlhdCI6MTcyMDQ0MzcyNiwianRpIjoiZTAyZGE3Y2MtMmZmMS00ZGFlLWIwYzAtMGMzOTg1OWQyNjZhIiwiaXNzIjoiaHR0cHM6Ly9xYWF1dGguZXF1aWxlbmQuY29tL2F1dGgvcmVhbG1zLzFTb3VyY2UiLCJzdWIiOiJmNmU4ZGE3Zi0xOTk2LTRlYTgtOWE0Zi01ZjMyOTA5M2E0NmIiLCJ0eXAiOiJCZWFyZXIiLCJhenAiOiJjYW50b24tcGFydGljaXBhbnQxLWNsaWVudCIsInNlc3Npb25fc3RhdGUiOiIzNTUxMDMyNy1hZjkxLTQxNDMtOWFkNC05OTBiMWQwZTI1NmMiLCJhY3IiOiIxIiwicmVhbG1fYWNjZXNzIjp7InJvbGVzIjpbImRlZmF1bHQtcm9sZXMtMXNvdXJjZSIsIm9mZmxpbmVfYWNjZXNzIiwidW1hX2F1dGhvcml6YXRpb24iXX0sInJlc291cmNlX2FjY2VzcyI6eyJhY2NvdW50Ijp7InJvbGVzIjpbIm1hbmFnZS1hY2NvdW50IiwibWFuYWdlLWFjY291bnQtbGlua3MiLCJ2aWV3LXByb2ZpbGUiXX19LCJzY29wZSI6ImVtYWlsIHByb2ZpbGUgZGFtbF9sZWRnZXJfYXBpIiwic2lkIjoiMzU1MTAzMjctYWY5MS00MTQzLTlhZDQtOTkwYjFkMGUyNTZjIiwiZW1haWxfdmVyaWZpZWQiOmZhbHNlLCJncm91cHMiOlsiL1BhcnRpY2lwYW50MS9UZXN0TGVuZGVyMSJdLCJwcmVmZXJyZWRfdXNlcm5hbWUiOiJ0ZXN0bGVuZGVyMXVzZXIifQ.RCBk87kDdRwYaWqPtKJ2qUa69FuLOFca6-KYmSyoHRlwBEmOdwi3umIQUufxBQXWiPhopPR0YaCwPGH39I4AjVUzNz8g6Vtt5Tv0TzMww7-KsHa8USOKktR-p9c_3T1Lc6CbvSvVmgAj6VmiU31MK8RmtwnklVbp_E-XUl2GXeWuji-Dy0BeS_it4OlR2SAOBU-AJ12AHhNEvLckbu0_sQoKnflIQLuJOlS-AO3XAKADN39U9oTtwRk0I6ceKj9HJs4T3L2Ex44V4EUOOz0SqjHutS58uBFWXokaaYZy3dJ21PGh3u-Uc6et-kkZ8rZKBZM40pLRJHnLfi1cSO0h_w
2024-07-08T09:02:10.731-04:00 DEBUG 8020 --- [console-app] [scheduling-1] com.os.console.api.ScheduledKeepAlive    : Token TTL: 895694
2024-07-08T09:02:15.731-04:00 DEBUG 8020 --- [console-app] [scheduling-1] com.os.console.api.ScheduledKeepAlive    : Token TTL: 890694
2024-07-08T09:02:20.739-04:00 DEBUG 8020 --- [console-app] [scheduling-1] com.os.console.api.ScheduledKeepAlive    : Token TTL: 885686
2024-07-08T09:02:25.729-04:00 DEBUG 8020 --- [console-app] [scheduling-1] com.os.console.api.ScheduledKeepAlive    : Token TTL: 880696
2024-07-08T09:02:30.731-04:00 DEBUG 8020 --- [console-app] [scheduling-1] com.os.console.api.ScheduledKeepAlive    : Token TTL: 875694
2024-07-08T09:02:32.405-04:00 DEBUG 8020 --- [console-app] [main] c.o.c.api.tasks.ProposeContractTask      : {"trade":{"venues":[{"type":"OFFPLATFORM","venueRefKey":"CONSOLE1720443739448"}],"instrument":{"ticker":"OMI","cusip":"690732102","isin":"US6907321029","sedol":"2665128","figi":"BBG000CTV5F0","marketCd":"US","description":"OWENS \u0026 MINOR INC COM","price":{"value":13.11,"currency":"USD","unit":"SHARE"}},"rate":{"rebate":{"floating":{"benchmark":"OBFR","spread":30.0,"isAutoRerate":true,"effectiveDate":"2024-07-08","cutoffTime":"18:00"}}},"quantity":77000,"billingCurrency":"USD","dividendRatePct":85.0,"tradeDate":"2024-07-08","termType":"OPEN","settlementDate":"2024-07-09","settlementType":"DVP","collateral":{"contractPrice":13.11,"contractValue":1009470.0,"collateralValue":1029659.4,"currency":"USD","type":"CASH","margin":102.0,"roundingRule":10,"roundingMode":"ALWAYSUP"},"transactingParties":[{"partyRole":"BORROWER","party":{"partyId":"TLEN-US","partyName":"TestLender1","gleifLei":"KTB500SKZSDI75VSFU40"},"internalRef":{}},{"partyRole":"LENDER","party":{"partyId":"TBORR-US","partyName":"TestBorrower1","gleifLei":"KTB500SKZSDI75VSFU40"},"internalRef":{"internalRefId":"96373cde-f454-4283-8e70-c46f687e3e50"}}]},"settlement":[{"partyRole":"LENDER","settlementStatus":"NONE","internalAcctCd":"ACCT1SDTC-Console","instruction":{"settlementBic":"DTCYUS33","localAgentBic":"IRVTBEBBXXX","localAgentName":"THE BANK OF NEW YORK MELLON SA/NV","localAgentAcct":"AGNT12345","dtcParticipantNumber":"0901","custodianName":"IRVTBEBBXXX","custodianBic":"THE BANK OF NEW YORK MELLON SA/NV","custodianAcct":"CUST12345"}}]}
2024-07-08T09:02:35.733-04:00 DEBUG 8020 --- [console-app] [scheduling-1] com.os.console.api.ScheduledKeepAlive    : Token TTL: 870692
2024-07-08T09:02:40.726-04:00 DEBUG 8020 --- [console-app] [scheduling-1] com.os.console.api.ScheduledKeepAlive    : Token TTL: 865699
2024-07-08T09:02:45.732-04:00 DEBUG 8020 --- [console-app] [scheduling-1] com.os.console.api.ScheduledKeepAlive    : Token TTL: 860693
2024-07-08T09:02:50.732-04:00 DEBUG 8020 --- [console-app] [scheduling-1] com.os.console.api.ScheduledKeepAlive    : Token TTL: 855693
2024-07-08T09:02:55.735-04:00 DEBUG 8020 --- [console-app] [scheduling-1] com.os.console.api.ScheduledKeepAlive    : Token TTL: 850690
2024-07-08T09:03:00.732-04:00 DEBUG 8020 --- [console-app] [scheduling-1] com.os.console.api.ScheduledKeepAlive    : Token TTL: 845693
2024-07-08T09:03:05.728-04:00 DEBUG 8020 --- [console-app] [scheduling-1] com.os.console.api.ScheduledKeepAlive    : Token TTL: 840697
2024-07-08T09:03:10.736-04:00 DEBUG 8020 --- [console-app] [scheduling-1] com.os.console.api.ScheduledKeepAlive    : Token TTL: 835689
2024-07-08T09:03:15.727-04:00 DEBUG 8020 --- [console-app] [scheduling-1] com.os.console.api.ScheduledKeepAlive    : Token TTL: 830698
2024-07-08T09:03:20.740-04:00 DEBUG 8020 --- [console-app] [scheduling-1] com.os.console.api.ScheduledKeepAlive    : Token TTL: 825685
2024-07-08T09:03:25.738-04:00 DEBUG 8020 --- [console-app] [scheduling-1] com.os.console.api.ScheduledKeepAlive    : Token TTL: 820687
2024-07-08T09:03:30.729-04:00 DEBUG 8020 --- [console-app] [scheduling-1] com.os.console.api.ScheduledKeepAlive    : Token TTL: 815696
2024-07-08T09:03:35.735-04:00 DEBUG 8020 --- [console-app] [scheduling-1] com.os.console.api.ScheduledKeepAlive    : Token TTL: 810690
2024-07-08T09:03:40.736-04:00 DEBUG 8020 --- [console-app] [scheduling-1] com.os.console.api.ScheduledKeepAlive    : Token TTL: 805689
2024-07-08T09:03:45.729-04:00 DEBUG 8020 --- [console-app] [scheduling-1] com.os.console.api.ScheduledKeepAlive    : Token TTL: 800696
2024-07-08T09:03:50.739-04:00 DEBUG 8020 --- [console-app] [scheduling-1] com.os.console.api.ScheduledKeepAlive    : Token TTL: 795686
2024-07-08T09:03:55.730-04:00 DEBUG 8020 --- [console-app] [scheduling-1] com.os.console.api.ScheduledKeepAlive    : Token TTL: 790695
2024-07-08T09:04:00.726-04:00 DEBUG 8020 --- [console-app] [scheduling-1] com.os.console.api.ScheduledKeepAlive    : Token TTL: 785699
2024-07-08T09:04:05.727-04:00 DEBUG 8020 --- [console-app] [scheduling-1] com.os.console.api.ScheduledKeepAlive    : Token TTL: 780698
2024-07-08T09:04:10.739-04:00 DEBUG 8020 --- [console-app] [scheduling-1] com.os.console.api.ScheduledKeepAlive    : Token TTL: 775686
2024-07-08T09:04:15.740-04:00 DEBUG 8020 --- [console-app] [scheduling-1] com.os.console.api.ScheduledKeepAlive    : Token TTL: 770685
2024-07-08T09:04:20.731-04:00 DEBUG 8020 --- [console-app] [scheduling-1] com.os.console.api.ScheduledKeepAlive    : Token TTL: 765694
2024-07-08T09:04:25.733-04:00 DEBUG 8020 --- [console-app] [scheduling-1] com.os.console.api.ScheduledKeepAlive    : Token TTL: 760692
2024-07-08T09:04:30.732-04:00 DEBUG 8020 --- [console-app] [scheduling-1] com.os.console.api.ScheduledKeepAlive    : Token TTL: 755693
2024-07-08T09:04:35.734-04:00 DEBUG 8020 --- [console-app] [scheduling-1] com.os.console.api.ScheduledKeepAlive    : Token TTL: 750691
2024-07-08T09:04:40.732-04:00 DEBUG 8020 --- [console-app] [scheduling-1] com.os.console.api.ScheduledKeepAlive    : Token TTL: 745693
2024-07-08T09:04:45.739-04:00 DEBUG 8020 --- [console-app] [scheduling-1] com.os.console.api.ScheduledKeepAlive    : Token TTL: 740686
2024-07-08T09:04:50.736-04:00 DEBUG 8020 --- [console-app] [scheduling-1] com.os.console.api.ScheduledKeepAlive    : Token TTL: 735689
2024-07-08T09:04:55.730-04:00 DEBUG 8020 --- [console-app] [scheduling-1] com.os.console.api.ScheduledKeepAlive    : Token TTL: 730695
2024-07-08T09:05:00.739-04:00 DEBUG 8020 --- [console-app] [scheduling-1] com.os.console.api.ScheduledKeepAlive    : Token TTL: 725686
2024-07-08T09:05:05.731-04:00 DEBUG 8020 --- [console-app] [scheduling-1] com.os.console.api.ScheduledKeepAlive    : Token TTL: 720694
2024-07-08T09:05:10.728-04:00 DEBUG 8020 --- [console-app] [scheduling-1] com.os.console.api.ScheduledKeepAlive    : Token TTL: 715697
2024-07-08T09:05:15.733-04:00 DEBUG 8020 --- [console-app] [scheduling-1] com.os.console.api.ScheduledKeepAlive    : Token TTL: 710692
2024-07-08T09:05:20.735-04:00 DEBUG 8020 --- [console-app] [scheduling-1] com.os.console.api.ScheduledKeepAlive    : Token TTL: 705690
2024-07-08T09:05:25.740-04:00 DEBUG 8020 --- [console-app] [scheduling-1] com.os.console.api.ScheduledKeepAlive    : Token TTL: 700685
2024-07-08T09:05:30.741-04:00 DEBUG 8020 --- [console-app] [scheduling-1] com.os.console.api.ScheduledKeepAlive    : Token TTL: 695684
2024-07-08T09:05:35.730-04:00 DEBUG 8020 --- [console-app] [scheduling-1] com.os.console.api.ScheduledKeepAlive    : Token TTL: 690695
2024-07-08T09:05:40.730-04:00 DEBUG 8020 --- [console-app] [scheduling-1] com.os.console.api.ScheduledKeepAlive    : Token TTL: 685695
2024-07-08T09:05:45.733-04:00 DEBUG 8020 --- [console-app] [scheduling-1] com.os.console.api.ScheduledKeepAlive    : Token TTL: 680692
2024-07-08T09:05:50.739-04:00 DEBUG 8020 --- [console-app] [scheduling-1] com.os.console.api.ScheduledKeepAlive    : Token TTL: 675686
2024-07-08T09:05:55.727-04:00 DEBUG 8020 --- [console-app] [scheduling-1] com.os.console.api.ScheduledKeepAlive    : Token TTL: 670698
2024-07-08T09:06:00.728-04:00 DEBUG 8020 --- [console-app] [scheduling-1] com.os.console.api.ScheduledKeepAlive    : Token TTL: 665698
2024-07-08T09:06:05.732-04:00 DEBUG 8020 --- [console-app] [scheduling-1] com.os.console.api.ScheduledKeepAlive    : Token TTL: 660693
2024-07-08T09:06:10.732-04:00 DEBUG 8020 --- [console-app] [scheduling-1] com.os.console.api.ScheduledKeepAlive    : Token TTL: 655693
2024-07-08T09:06:15.732-04:00 DEBUG 8020 --- [console-app] [scheduling-1] com.os.console.api.ScheduledKeepAlive    : Token TTL: 650693
2024-07-08T09:06:20.738-04:00 DEBUG 8020 --- [console-app] [scheduling-1] com.os.console.api.ScheduledKeepAlive    : Token TTL: 645687
2024-07-08T09:06:25.734-04:00 DEBUG 8020 --- [console-app] [scheduling-1] com.os.console.api.ScheduledKeepAlive    : Token TTL: 640691
2024-07-08T09:06:30.740-04:00 DEBUG 8020 --- [console-app] [scheduling-1] com.os.console.api.ScheduledKeepAlive    : Token TTL: 635685
2024-07-08T09:06:35.736-04:00 DEBUG 8020 --- [console-app] [scheduling-1] com.os.console.api.ScheduledKeepAlive    : Token TTL: 630689
2024-07-08T09:06:40.737-04:00 DEBUG 8020 --- [console-app] [scheduling-1] com.os.console.api.ScheduledKeepAlive    : Token TTL: 625688
2024-07-08T09:06:45.740-04:00 DEBUG 8020 --- [console-app] [scheduling-1] com.os.console.api.ScheduledKeepAlive    : Token TTL: 620685
2024-07-08T09:06:50.732-04:00 DEBUG 8020 --- [console-app] [scheduling-1] com.os.console.api.ScheduledKeepAlive    : Token TTL: 615693
2024-07-08T09:06:55.734-04:00 DEBUG 8020 --- [console-app] [scheduling-1] com.os.console.api.ScheduledKeepAlive    : Token TTL: 610691
2024-07-08T09:07:00.738-04:00 DEBUG 8020 --- [console-app] [scheduling-1] com.os.console.api.ScheduledKeepAlive    : Token TTL: 605687
2024-07-08T09:07:05.735-04:00 DEBUG 8020 --- [console-app] [scheduling-1] com.os.console.api.ScheduledKeepAlive    : Token TTL: 600690
2024-07-08T09:07:10.730-04:00 DEBUG 8020 --- [console-app] [scheduling-1] com.os.console.api.ScheduledKeepAlive    : Token TTL: 595695
2024-07-08T09:07:15.730-04:00 DEBUG 8020 --- [console-app] [scheduling-1] com.os.console.api.ScheduledKeepAlive    : Token TTL: 590695
2024-07-08T09:07:20.740-04:00 DEBUG 8020 --- [console-app] [scheduling-1] com.os.console.api.ScheduledKeepAlive    : Token TTL: 585685
2024-07-08T09:07:25.742-04:00 DEBUG 8020 --- [console-app] [scheduling-1] com.os.console.api.ScheduledKeepAlive    : Token TTL: 580683
2024-07-08T09:07:30.736-04:00 DEBUG 8020 --- [console-app] [scheduling-1] com.os.console.api.ScheduledKeepAlive    : Token TTL: 575689
2024-07-08T09:07:35.733-04:00 DEBUG 8020 --- [console-app] [scheduling-1] com.os.console.api.ScheduledKeepAlive    : Token TTL: 570692
2024-07-08T09:07:40.737-04:00 DEBUG 8020 --- [console-app] [scheduling-1] com.os.console.api.ScheduledKeepAlive    : Token TTL: 565688
2024-07-08T09:07:45.732-04:00 DEBUG 8020 --- [console-app] [scheduling-1] com.os.console.api.ScheduledKeepAlive    : Token TTL: 560693
2024-07-08T09:07:50.742-04:00 DEBUG 8020 --- [console-app] [scheduling-1] com.os.console.api.ScheduledKeepAlive    : Token TTL: 555683
2024-07-08T09:07:55.743-04:00 DEBUG 8020 --- [console-app] [scheduling-1] com.os.console.api.ScheduledKeepAlive    : Token TTL: 550682
2024-07-08T09:08:00.742-04:00 DEBUG 8020 --- [console-app] [scheduling-1] com.os.console.api.ScheduledKeepAlive    : Token TTL: 545683
2024-07-08T09:08:05.735-04:00 DEBUG 8020 --- [console-app] [scheduling-1] com.os.console.api.ScheduledKeepAlive    : Token TTL: 540690
2024-07-08T09:08:10.731-04:00 DEBUG 8020 --- [console-app] [scheduling-1] com.os.console.api.ScheduledKeepAlive    : Token TTL: 535694
2024-07-08T09:08:15.738-04:00 DEBUG 8020 --- [console-app] [scheduling-1] com.os.console.api.ScheduledKeepAlive    : Token TTL: 530687
2024-07-08T09:08:20.730-04:00 DEBUG 8020 --- [console-app] [scheduling-1] com.os.console.api.ScheduledKeepAlive    : Token TTL: 525695
2024-07-08T09:08:25.736-04:00 DEBUG 8020 --- [console-app] [scheduling-1] com.os.console.api.ScheduledKeepAlive    : Token TTL: 520689
2024-07-08T09:08:30.742-04:00 DEBUG 8020 --- [console-app] [scheduling-1] com.os.console.api.ScheduledKeepAlive    : Token TTL: 515683
2024-07-08T09:08:35.743-04:00 DEBUG 8020 --- [console-app] [scheduling-1] com.os.console.api.ScheduledKeepAlive    : Token TTL: 510682
2024-07-08T09:08:40.741-04:00 DEBUG 8020 --- [console-app] [scheduling-1] com.os.console.api.ScheduledKeepAlive    : Token TTL: 505684
2024-07-08T09:08:45.734-04:00 DEBUG 8020 --- [console-app] [scheduling-1] com.os.console.api.ScheduledKeepAlive    : Token TTL: 500691
2024-07-08T09:08:50.740-04:00 DEBUG 8020 --- [console-app] [scheduling-1] com.os.console.api.ScheduledKeepAlive    : Token TTL: 495685
2024-07-08T09:08:55.742-04:00 DEBUG 8020 --- [console-app] [scheduling-1] com.os.console.api.ScheduledKeepAlive    : Token TTL: 490683
2024-07-08T09:09:00.732-04:00 DEBUG 8020 --- [console-app] [scheduling-1] com.os.console.api.ScheduledKeepAlive    : Token TTL: 485693
2024-07-08T09:09:05.734-04:00 DEBUG 8020 --- [console-app] [scheduling-1] com.os.console.api.ScheduledKeepAlive    : Token TTL: 480691
2024-07-08T09:09:10.738-04:00 DEBUG 8020 --- [console-app] [scheduling-1] com.os.console.api.ScheduledKeepAlive    : Token TTL: 475687
2024-07-08T09:09:15.741-04:00 DEBUG 8020 --- [console-app] [scheduling-1] com.os.console.api.ScheduledKeepAlive    : Token TTL: 470684
2024-07-08T09:09:20.739-04:00 DEBUG 8020 --- [console-app] [scheduling-1] com.os.console.api.ScheduledKeepAlive    : Token TTL: 465686
2024-07-08T09:09:25.740-04:00 DEBUG 8020 --- [console-app] [scheduling-1] com.os.console.api.ScheduledKeepAlive    : Token TTL: 460685
2024-07-08T09:09:30.736-04:00 DEBUG 8020 --- [console-app] [scheduling-1] com.os.console.api.ScheduledKeepAlive    : Token TTL: 455689
2024-07-08T09:09:35.741-04:00 DEBUG 8020 --- [console-app] [scheduling-1] com.os.console.api.ScheduledKeepAlive    : Token TTL: 450684
2024-07-08T09:09:40.739-04:00 DEBUG 8020 --- [console-app] [scheduling-1] com.os.console.api.ScheduledKeepAlive    : Token TTL: 445686
2024-07-08T09:09:45.740-04:00 DEBUG 8020 --- [console-app] [scheduling-1] com.os.console.api.ScheduledKeepAlive    : Token TTL: 440685
2024-07-08T09:09:50.732-04:00 DEBUG 8020 --- [console-app] [scheduling-1] com.os.console.api.ScheduledKeepAlive    : Token TTL: 435693
2024-07-08T09:09:55.735-04:00 DEBUG 8020 --- [console-app] [scheduling-1] com.os.console.api.ScheduledKeepAlive    : Token TTL: 430690
2024-07-08T09:10:00.740-04:00 DEBUG 8020 --- [console-app] [scheduling-1] com.os.console.api.ScheduledKeepAlive    : Token TTL: 425685
2024-07-08T09:10:05.734-04:00 DEBUG 8020 --- [console-app] [scheduling-1] com.os.console.api.ScheduledKeepAlive    : Token TTL: 420691
2024-07-08T09:10:10.744-04:00 DEBUG 8020 --- [console-app] [scheduling-1] com.os.console.api.ScheduledKeepAlive    : Token TTL: 415681
2024-07-08T09:10:15.738-04:00 DEBUG 8020 --- [console-app] [scheduling-1] com.os.console.api.ScheduledKeepAlive    : Token TTL: 410687
2024-07-08T09:10:20.737-04:00 DEBUG 8020 --- [console-app] [scheduling-1] com.os.console.api.ScheduledKeepAlive    : Token TTL: 405688
2024-07-08T09:10:25.734-04:00 DEBUG 8020 --- [console-app] [scheduling-1] com.os.console.api.ScheduledKeepAlive    : Token TTL: 400691
2024-07-08T09:10:30.738-04:00 DEBUG 8020 --- [console-app] [scheduling-1] com.os.console.api.ScheduledKeepAlive    : Token TTL: 395687
2024-07-08T09:10:35.742-04:00 DEBUG 8020 --- [console-app] [scheduling-1] com.os.console.api.ScheduledKeepAlive    : Token TTL: 390683
2024-07-08T09:10:40.731-04:00 DEBUG 8020 --- [console-app] [scheduling-1] com.os.console.api.ScheduledKeepAlive    : Token TTL: 385694
2024-07-08T09:10:45.740-04:00 DEBUG 8020 --- [console-app] [scheduling-1] com.os.console.api.ScheduledKeepAlive    : Token TTL: 380685
2024-07-08T09:10:50.739-04:00 DEBUG 8020 --- [console-app] [scheduling-1] com.os.console.api.ScheduledKeepAlive    : Token TTL: 375686
2024-07-08T09:10:55.735-04:00 DEBUG 8020 --- [console-app] [scheduling-1] com.os.console.api.ScheduledKeepAlive    : Token TTL: 370690
2024-07-08T09:11:00.736-04:00 DEBUG 8020 --- [console-app] [scheduling-1] com.os.console.api.ScheduledKeepAlive    : Token TTL: 365689
2024-07-08T09:11:05.743-04:00 DEBUG 8020 --- [console-app] [scheduling-1] com.os.console.api.ScheduledKeepAlive    : Token TTL: 360682
2024-07-08T09:11:10.739-04:00 DEBUG 8020 --- [console-app] [scheduling-1] com.os.console.api.ScheduledKeepAlive    : Token TTL: 355686
2024-07-08T09:11:15.732-04:00 DEBUG 8020 --- [console-app] [scheduling-1] com.os.console.api.ScheduledKeepAlive    : Token TTL: 350693
2024-07-08T09:11:20.735-04:00 DEBUG 8020 --- [console-app] [scheduling-1] com.os.console.api.ScheduledKeepAlive    : Token TTL: 345690
2024-07-08T09:11:25.742-04:00 DEBUG 8020 --- [console-app] [scheduling-1] com.os.console.api.ScheduledKeepAlive    : Token TTL: 340683
2024-07-08T09:11:30.736-04:00 DEBUG 8020 --- [console-app] [scheduling-1] com.os.console.api.ScheduledKeepAlive    : Token TTL: 335689
2024-07-08T09:11:35.735-04:00 DEBUG 8020 --- [console-app] [scheduling-1] com.os.console.api.ScheduledKeepAlive    : Token TTL: 330690
2024-07-08T09:11:40.743-04:00 DEBUG 8020 --- [console-app] [scheduling-1] com.os.console.api.ScheduledKeepAlive    : Token TTL: 325682
2024-07-08T09:11:45.740-04:00 DEBUG 8020 --- [console-app] [scheduling-1] com.os.console.api.ScheduledKeepAlive    : Token TTL: 320685
2024-07-08T09:11:50.732-04:00 DEBUG 8020 --- [console-app] [scheduling-1] com.os.console.api.ScheduledKeepAlive    : Token TTL: 315693
2024-07-08T09:11:55.738-04:00 DEBUG 8020 --- [console-app] [scheduling-1] com.os.console.api.ScheduledKeepAlive    : Token TTL: 310687
2024-07-08T09:12:00.745-04:00 DEBUG 8020 --- [console-app] [scheduling-1] com.os.console.api.ScheduledKeepAlive    : Token TTL: 305680
2024-07-08T09:12:05.734-04:00 DEBUG 8020 --- [console-app] [scheduling-1] com.os.console.api.ScheduledKeepAlive    : Token TTL: 300691
2024-07-08T09:12:10.732-04:00 DEBUG 8020 --- [console-app] [scheduling-1] com.os.console.api.ScheduledKeepAlive    : Token TTL: 295693
2024-07-08T09:12:15.734-04:00 DEBUG 8020 --- [console-app] [scheduling-1] com.os.console.api.ScheduledKeepAlive    : Token TTL: 290691
2024-07-08T09:12:20.734-04:00 DEBUG 8020 --- [console-app] [scheduling-1] com.os.console.api.ScheduledKeepAlive    : Token TTL: 285691
2024-07-08T09:12:25.745-04:00 DEBUG 8020 --- [console-app] [scheduling-1] com.os.console.api.ScheduledKeepAlive    : Token TTL: 280680
2024-07-08T09:12:30.742-04:00 DEBUG 8020 --- [console-app] [scheduling-1] com.os.console.api.ScheduledKeepAlive    : Token TTL: 275683
2024-07-08T09:12:35.731-04:00 DEBUG 8020 --- [console-app] [scheduling-1] com.os.console.api.ScheduledKeepAlive    : Token TTL: 270694
2024-07-08T09:12:40.743-04:00 DEBUG 8020 --- [console-app] [scheduling-1] com.os.console.api.ScheduledKeepAlive    : Token TTL: 265682
2024-07-08T09:12:45.742-04:00 DEBUG 8020 --- [console-app] [scheduling-1] com.os.console.api.ScheduledKeepAlive    : Token TTL: 260683
2024-07-08T09:12:50.733-04:00 DEBUG 8020 --- [console-app] [scheduling-1] com.os.console.api.ScheduledKeepAlive    : Token TTL: 255692
2024-07-08T09:12:55.732-04:00 DEBUG 8020 --- [console-app] [scheduling-1] com.os.console.api.ScheduledKeepAlive    : Token TTL: 250693
2024-07-08T09:13:00.734-04:00 DEBUG 8020 --- [console-app] [scheduling-1] com.os.console.api.ScheduledKeepAlive    : Token TTL: 245691
2024-07-08T09:13:05.737-04:00 DEBUG 8020 --- [console-app] [scheduling-1] com.os.console.api.ScheduledKeepAlive    : Token TTL: 240688
2024-07-08T09:13:10.739-04:00 DEBUG 8020 --- [console-app] [scheduling-1] com.os.console.api.ScheduledKeepAlive    : Token TTL: 235686
2024-07-08T09:13:15.745-04:00 DEBUG 8020 --- [console-app] [scheduling-1] com.os.console.api.ScheduledKeepAlive    : Token TTL: 230680
2024-07-08T09:13:20.735-04:00 DEBUG 8020 --- [console-app] [scheduling-1] com.os.console.api.ScheduledKeepAlive    : Token TTL: 225690
2024-07-08T09:13:25.741-04:00 DEBUG 8020 --- [console-app] [scheduling-1] com.os.console.api.ScheduledKeepAlive    : Token TTL: 220684
2024-07-08T09:13:30.742-04:00 DEBUG 8020 --- [console-app] [scheduling-1] com.os.console.api.ScheduledKeepAlive    : Token TTL: 215683
2024-07-08T09:13:35.742-04:00 DEBUG 8020 --- [console-app] [scheduling-1] com.os.console.api.ScheduledKeepAlive    : Token TTL: 210683
2024-07-08T09:13:40.739-04:00 DEBUG 8020 --- [console-app] [scheduling-1] com.os.console.api.ScheduledKeepAlive    : Token TTL: 205686
2024-07-08T09:13:45.739-04:00 DEBUG 8020 --- [console-app] [scheduling-1] com.os.console.api.ScheduledKeepAlive    : Token TTL: 200686
2024-07-08T09:13:50.742-04:00 DEBUG 8020 --- [console-app] [scheduling-1] com.os.console.api.ScheduledKeepAlive    : Token TTL: 195683
2024-07-08T09:13:55.736-04:00 DEBUG 8020 --- [console-app] [scheduling-1] com.os.console.api.ScheduledKeepAlive    : Token TTL: 190689
2024-07-08T09:14:00.743-04:00 DEBUG 8020 --- [console-app] [scheduling-1] com.os.console.api.ScheduledKeepAlive    : Token TTL: 185682
2024-07-08T09:14:05.739-04:00 DEBUG 8020 --- [console-app] [scheduling-1] com.os.console.api.ScheduledKeepAlive    : Token TTL: 180686
2024-07-08T09:14:10.735-04:00 DEBUG 8020 --- [console-app] [scheduling-1] com.os.console.api.ScheduledKeepAlive    : Token TTL: 175690
2024-07-08T09:14:15.732-04:00 DEBUG 8020 --- [console-app] [scheduling-1] com.os.console.api.ScheduledKeepAlive    : Token TTL: 170693
2024-07-08T09:14:20.747-04:00 DEBUG 8020 --- [console-app] [scheduling-1] com.os.console.api.ScheduledKeepAlive    : Token TTL: 165678
2024-07-08T09:14:25.737-04:00 DEBUG 8020 --- [console-app] [scheduling-1] com.os.console.api.ScheduledKeepAlive    : Token TTL: 160688
2024-07-08T09:14:30.740-04:00 DEBUG 8020 --- [console-app] [scheduling-1] com.os.console.api.ScheduledKeepAlive    : Token TTL: 155685
2024-07-08T09:14:35.744-04:00 DEBUG 8020 --- [console-app] [scheduling-1] com.os.console.api.ScheduledKeepAlive    : Token TTL: 150681
2024-07-08T09:14:40.744-04:00 DEBUG 8020 --- [console-app] [scheduling-1] com.os.console.api.ScheduledKeepAlive    : Token TTL: 145681
2024-07-08T09:14:45.737-04:00 DEBUG 8020 --- [console-app] [scheduling-1] com.os.console.api.ScheduledKeepAlive    : Token TTL: 140688
2024-07-08T09:14:50.740-04:00 DEBUG 8020 --- [console-app] [scheduling-1] com.os.console.api.ScheduledKeepAlive    : Token TTL: 135685
2024-07-08T09:14:55.748-04:00 DEBUG 8020 --- [console-app] [scheduling-1] com.os.console.api.ScheduledKeepAlive    : Token TTL: 130677
2024-07-08T09:15:00.737-04:00 DEBUG 8020 --- [console-app] [scheduling-1] com.os.console.api.ScheduledKeepAlive    : Token TTL: 125688
2024-07-08T09:15:05.733-04:00 DEBUG 8020 --- [console-app] [scheduling-1] com.os.console.api.ScheduledKeepAlive    : Token TTL: 120692
2024-07-08T09:15:10.739-04:00 DEBUG 8020 --- [console-app] [scheduling-1] com.os.console.api.ScheduledKeepAlive    : Token TTL: 115686
2024-07-08T09:15:15.741-04:00 DEBUG 8020 --- [console-app] [scheduling-1] com.os.console.api.ScheduledKeepAlive    : Token TTL: 110684
2024-07-08T09:15:20.745-04:00 DEBUG 8020 --- [console-app] [scheduling-1] com.os.console.api.ScheduledKeepAlive    : Token TTL: 105680
2024-07-08T09:15:25.746-04:00 DEBUG 8020 --- [console-app] [scheduling-1] com.os.console.api.ScheduledKeepAlive    : Token TTL: 100679
2024-07-08T09:15:30.739-04:00 DEBUG 8020 --- [console-app] [scheduling-1] com.os.console.api.ScheduledKeepAlive    : Token TTL: 95686
2024-07-08T09:15:35.739-04:00 DEBUG 8020 --- [console-app] [scheduling-1] com.os.console.api.ScheduledKeepAlive    : Token TTL: 90686
2024-07-08T09:15:40.735-04:00 DEBUG 8020 --- [console-app] [scheduling-1] com.os.console.api.ScheduledKeepAlive    : Token TTL: 85690
2024-07-08T09:15:45.742-04:00 DEBUG 8020 --- [console-app] [scheduling-1] com.os.console.api.ScheduledKeepAlive    : Token TTL: 80683
2024-07-08T09:15:50.739-04:00 DEBUG 8020 --- [console-app] [scheduling-1] com.os.console.api.ScheduledKeepAlive    : Token TTL: 75686
2024-07-08T09:15:55.739-04:00 DEBUG 8020 --- [console-app] [scheduling-1] com.os.console.api.ScheduledKeepAlive    : Token TTL: 70686
2024-07-08T09:16:00.747-04:00 DEBUG 8020 --- [console-app] [scheduling-1] com.os.console.api.ScheduledKeepAlive    : Token TTL: 65678
2024-07-08T09:16:05.742-04:00 DEBUG 8020 --- [console-app] [scheduling-1] com.os.console.api.ScheduledKeepAlive    : Token TTL: 60683
2024-07-08T09:16:10.741-04:00 DEBUG 8020 --- [console-app] [scheduling-1] com.os.console.api.ScheduledKeepAlive    : Token TTL: 55684
2024-07-08T09:16:15.742-04:00 DEBUG 8020 --- [console-app] [scheduling-1] com.os.console.api.ScheduledKeepAlive    : Token TTL: 50683
2024-07-08T09:16:20.737-04:00 DEBUG 8020 --- [console-app] [scheduling-1] com.os.console.api.ScheduledKeepAlive    : Token TTL: 45688
2024-07-08T09:16:25.738-04:00 DEBUG 8020 --- [console-app] [scheduling-1] com.os.console.api.ScheduledKeepAlive    : Token TTL: 40687
2024-07-08T09:16:30.736-04:00 DEBUG 8020 --- [console-app] [scheduling-1] com.os.console.api.ScheduledKeepAlive    : Token TTL: 35689
2024-07-08T09:16:35.738-04:00 DEBUG 8020 --- [console-app] [scheduling-1] com.os.console.api.ScheduledKeepAlive    : Token TTL: 30687
2024-07-08T09:16:40.745-04:00 DEBUG 8020 --- [console-app] [scheduling-1] com.os.console.api.ScheduledKeepAlive    : Token TTL: 25680
2024-07-08T09:16:45.734-04:00 DEBUG 8020 --- [console-app] [scheduling-1] com.os.console.api.ScheduledKeepAlive    : Token TTL: 20691
2024-07-08T09:16:50.736-04:00 DEBUG 8020 --- [console-app] [scheduling-1] com.os.console.api.ScheduledKeepAlive    : Token TTL: 15689
2024-07-08T09:16:55.740-04:00 DEBUG 8020 --- [console-app] [scheduling-1] com.os.console.api.ScheduledKeepAlive    : Token TTL: 10685
2024-07-08T09:17:00.743-04:00 DEBUG 8020 --- [console-app] [scheduling-1] com.os.console.api.ScheduledKeepAlive    : Token TTL: 5682
2024-07-08T09:17:05.747-04:00 DEBUG 8020 --- [console-app] [scheduling-1] com.os.console.api.ScheduledKeepAlive    : Token TTL: 678
2024-07-08T09:17:05.862-04:00 DEBUG 8020 --- [console-app] [scheduling-1] com.os.console.api.ScheduledKeepAlive    : Token Refresh: 2024-07-08T13:17:05.862343600Z
2024-07-08T09:17:10.744-04:00 DEBUG 8020 --- [console-app] [scheduling-1] com.os.console.api.ScheduledKeepAlive    : Token TTL: 895118
2024-07-08T09:17:15.747-04:00 DEBUG 8020 --- [console-app] [scheduling-1] com.os.console.api.ScheduledKeepAlive    : Token TTL: 890115
2024-07-08T09:17:20.736-04:00 DEBUG 8020 --- [console-app] [scheduling-1] com.os.console.api.ScheduledKeepAlive    : Token TTL: 885126
2024-07-08T09:17:25.736-04:00 DEBUG 8020 --- [console-app] [scheduling-1] com.os.console.api.ScheduledKeepAlive    : Token TTL: 880126
2024-07-08T09:17:30.745-04:00 DEBUG 8020 --- [console-app] [scheduling-1] com.os.console.api.ScheduledKeepAlive    : Token TTL: 875117
2024-07-08T09:17:35.737-04:00 DEBUG 8020 --- [console-app] [scheduling-1] com.os.console.api.ScheduledKeepAlive    : Token TTL: 870125
2024-07-08T09:17:40.739-04:00 DEBUG 8020 --- [console-app] [scheduling-1] com.os.console.api.ScheduledKeepAlive    : Token TTL: 865123
2024-07-08T09:17:45.741-04:00 DEBUG 8020 --- [console-app] [scheduling-1] com.os.console.api.ScheduledKeepAlive    : Token TTL: 860121
2024-07-08T09:17:50.735-04:00 DEBUG 8020 --- [console-app] [scheduling-1] com.os.console.api.ScheduledKeepAlive    : Token TTL: 855127
2024-07-08T09:17:55.740-04:00 DEBUG 8020 --- [console-app] [scheduling-1] com.os.console.api.ScheduledKeepAlive    : Token TTL: 850122
2024-07-08T09:18:00.736-04:00 DEBUG 8020 --- [console-app] [scheduling-1] com.os.console.api.ScheduledKeepAlive    : Token TTL: 845126
2024-07-08T09:18:05.750-04:00 DEBUG 8020 --- [console-app] [scheduling-1] com.os.console.api.ScheduledKeepAlive    : Token TTL: 840112
2024-07-08T09:18:10.743-04:00 DEBUG 8020 --- [console-app] [scheduling-1] com.os.console.api.ScheduledKeepAlive    : Token TTL: 835119
2024-07-08T09:18:15.738-04:00 DEBUG 8020 --- [console-app] [scheduling-1] com.os.console.api.ScheduledKeepAlive    : Token TTL: 830124
2024-07-08T09:18:20.738-04:00 DEBUG 8020 --- [console-app] [scheduling-1] com.os.console.api.ScheduledKeepAlive    : Token TTL: 825124
2024-07-08T09:18:25.745-04:00 DEBUG 8020 --- [console-app] [scheduling-1] com.os.console.api.ScheduledKeepAlive    : Token TTL: 820117
2024-07-08T09:18:30.747-04:00 DEBUG 8020 --- [console-app] [scheduling-1] com.os.console.api.ScheduledKeepAlive    : Token TTL: 815115
2024-07-08T09:18:35.741-04:00 DEBUG 8020 --- [console-app] [scheduling-1] com.os.console.api.ScheduledKeepAlive    : Token TTL: 810121
2024-07-08T09:18:40.736-04:00 DEBUG 8020 --- [console-app] [scheduling-1] com.os.console.api.ScheduledKeepAlive    : Token TTL: 805126
2024-07-08T09:18:45.745-04:00 DEBUG 8020 --- [console-app] [scheduling-1] com.os.console.api.ScheduledKeepAlive    : Token TTL: 800117
2024-07-08T09:18:50.748-04:00 DEBUG 8020 --- [console-app] [scheduling-1] com.os.console.api.ScheduledKeepAlive    : Token TTL: 795114
2024-07-08T09:18:55.743-04:00 DEBUG 8020 --- [console-app] [scheduling-1] com.os.console.api.ScheduledKeepAlive    : Token TTL: 790119
2024-07-08T09:19:00.739-04:00 DEBUG 8020 --- [console-app] [scheduling-1] com.os.console.api.ScheduledKeepAlive    : Token TTL: 785123
2024-07-08T09:19:05.738-04:00 DEBUG 8020 --- [console-app] [scheduling-1] com.os.console.api.ScheduledKeepAlive    : Token TTL: 780124
2024-07-08T09:19:10.738-04:00 DEBUG 8020 --- [console-app] [scheduling-1] com.os.console.api.ScheduledKeepAlive    : Token TTL: 775124
2024-07-08T09:19:15.737-04:00 DEBUG 8020 --- [console-app] [scheduling-1] com.os.console.api.ScheduledKeepAlive    : Token TTL: 770125
2024-07-08T09:19:20.743-04:00 DEBUG 8020 --- [console-app] [scheduling-1] com.os.console.api.ScheduledKeepAlive    : Token TTL: 765119
2024-07-08T09:19:25.743-04:00 DEBUG 8020 --- [console-app] [scheduling-1] com.os.console.api.ScheduledKeepAlive    : Token TTL: 760119
2024-07-08T09:19:30.740-04:00 DEBUG 8020 --- [console-app] [scheduling-1] com.os.console.api.ScheduledKeepAlive    : Token TTL: 755122
2024-07-08T09:19:35.740-04:00 DEBUG 8020 --- [console-app] [scheduling-1] com.os.console.api.ScheduledKeepAlive    : Token TTL: 750122
2024-07-08T09:19:40.740-04:00 DEBUG 8020 --- [console-app] [scheduling-1] com.os.console.api.ScheduledKeepAlive    : Token TTL: 745122
2024-07-08T09:19:45.740-04:00 DEBUG 8020 --- [console-app] [scheduling-1] com.os.console.api.ScheduledKeepAlive    : Token TTL: 740122
2024-07-08T09:19:50.737-04:00 DEBUG 8020 --- [console-app] [scheduling-1] com.os.console.api.ScheduledKeepAlive    : Token TTL: 735125
2024-07-08T09:19:55.741-04:00 DEBUG 8020 --- [console-app] [scheduling-1] com.os.console.api.ScheduledKeepAlive    : Token TTL: 730121
2024-07-08T09:20:00.747-04:00 DEBUG 8020 --- [console-app] [scheduling-1] com.os.console.api.ScheduledKeepAlive    : Token TTL: 725115
2024-07-08T09:20:05.750-04:00 DEBUG 8020 --- [console-app] [scheduling-1] com.os.console.api.ScheduledKeepAlive    : Token TTL: 720112
2024-07-08T09:20:10.741-04:00 DEBUG 8020 --- [console-app] [scheduling-1] com.os.console.api.ScheduledKeepAlive    : Token TTL: 715121
2024-07-08T09:20:15.745-04:00 DEBUG 8020 --- [console-app] [scheduling-1] com.os.console.api.ScheduledKeepAlive    : Token TTL: 710117
2024-07-08T09:20:20.750-04:00 DEBUG 8020 --- [console-app] [scheduling-1] com.os.console.api.ScheduledKeepAlive    : Token TTL: 705112
2024-07-08T09:20:25.751-04:00 DEBUG 8020 --- [console-app] [scheduling-1] com.os.console.api.ScheduledKeepAlive    : Token TTL: 700111
2024-07-08T09:20:30.751-04:00 DEBUG 8020 --- [console-app] [scheduling-1] com.os.console.api.ScheduledKeepAlive    : Token TTL: 695111
2024-07-08T09:20:35.743-04:00 DEBUG 8020 --- [console-app] [scheduling-1] com.os.console.api.ScheduledKeepAlive    : Token TTL: 690119
2024-07-08T09:20:40.740-04:00 DEBUG 8020 --- [console-app] [scheduling-1] com.os.console.api.ScheduledKeepAlive    : Token TTL: 685122
2024-07-08T09:20:45.738-04:00 DEBUG 8020 --- [console-app] [scheduling-1] com.os.console.api.ScheduledKeepAlive    : Token TTL: 680124
2024-07-08T09:20:50.749-04:00 DEBUG 8020 --- [console-app] [scheduling-1] com.os.console.api.ScheduledKeepAlive    : Token TTL: 675113
2024-07-08T09:20:55.747-04:00 DEBUG 8020 --- [console-app] [scheduling-1] com.os.console.api.ScheduledKeepAlive    : Token TTL: 670115
2024-07-08T09:21:00.748-04:00 DEBUG 8020 --- [console-app] [scheduling-1] com.os.console.api.ScheduledKeepAlive    : Token TTL: 665114
2024-07-08T09:21:05.741-04:00 DEBUG 8020 --- [console-app] [scheduling-1] com.os.console.api.ScheduledKeepAlive    : Token TTL: 660121
2024-07-08T09:21:10.748-04:00 DEBUG 8020 --- [console-app] [scheduling-1] com.os.console.api.ScheduledKeepAlive    : Token TTL: 655114
2024-07-08T09:21:15.748-04:00 DEBUG 8020 --- [console-app] [scheduling-1] com.os.console.api.ScheduledKeepAlive    : Token TTL: 650114
2024-07-08T09:21:20.742-04:00 DEBUG 8020 --- [console-app] [scheduling-1] com.os.console.api.ScheduledKeepAlive    : Token TTL: 645120
2024-07-08T09:21:25.742-04:00 DEBUG 8020 --- [console-app] [scheduling-1] com.os.console.api.ScheduledKeepAlive    : Token TTL: 640120
2024-07-08T09:21:30.742-04:00 DEBUG 8020 --- [console-app] [scheduling-1] com.os.console.api.ScheduledKeepAlive    : Token TTL: 635120
2024-07-08T09:21:35.745-04:00 DEBUG 8020 --- [console-app] [scheduling-1] com.os.console.api.ScheduledKeepAlive    : Token TTL: 630117
2024-07-08T09:21:40.743-04:00 DEBUG 8020 --- [console-app] [scheduling-1] com.os.console.api.ScheduledKeepAlive    : Token TTL: 625119
2024-07-08T09:21:45.738-04:00 DEBUG 8020 --- [console-app] [scheduling-1] com.os.console.api.ScheduledKeepAlive    : Token TTL: 620124
2024-07-08T09:21:50.751-04:00 DEBUG 8020 --- [console-app] [scheduling-1] com.os.console.api.ScheduledKeepAlive    : Token TTL: 615111
2024-07-08T09:21:55.751-04:00 DEBUG 8020 --- [console-app] [scheduling-1] com.os.console.api.ScheduledKeepAlive    : Token TTL: 610111
2024-07-08T09:22:00.744-04:00 DEBUG 8020 --- [console-app] [scheduling-1] com.os.console.api.ScheduledKeepAlive    : Token TTL: 605118
2024-07-08T09:22:05.752-04:00 DEBUG 8020 --- [console-app] [scheduling-1] com.os.console.api.ScheduledKeepAlive    : Token TTL: 600110
2024-07-08T09:22:10.746-04:00 DEBUG 8020 --- [console-app] [scheduling-1] com.os.console.api.ScheduledKeepAlive    : Token TTL: 595116
2024-07-08T09:22:15.738-04:00 DEBUG 8020 --- [console-app] [scheduling-1] com.os.console.api.ScheduledKeepAlive    : Token TTL: 590124
2024-07-08T09:22:20.744-04:00 DEBUG 8020 --- [console-app] [scheduling-1] com.os.console.api.ScheduledKeepAlive    : Token TTL: 585118
2024-07-08T09:22:25.749-04:00 DEBUG 8020 --- [console-app] [scheduling-1] com.os.console.api.ScheduledKeepAlive    : Token TTL: 580113
2024-07-08T09:22:30.748-04:00 DEBUG 8020 --- [console-app] [scheduling-1] com.os.console.api.ScheduledKeepAlive    : Token TTL: 575114
2024-07-08T09:22:35.747-04:00 DEBUG 8020 --- [console-app] [scheduling-1] com.os.console.api.ScheduledKeepAlive    : Token TTL: 570115
2024-07-08T09:22:40.745-04:00 DEBUG 8020 --- [console-app] [scheduling-1] com.os.console.api.ScheduledKeepAlive    : Token TTL: 565117
2024-07-08T09:22:45.751-04:00 DEBUG 8020 --- [console-app] [scheduling-1] com.os.console.api.ScheduledKeepAlive    : Token TTL: 560111
2024-07-08T09:22:50.745-04:00 DEBUG 8020 --- [console-app] [scheduling-1] com.os.console.api.ScheduledKeepAlive    : Token TTL: 555117
2024-07-08T09:22:55.743-04:00 DEBUG 8020 --- [console-app] [scheduling-1] com.os.console.api.ScheduledKeepAlive    : Token TTL: 550119
2024-07-08T09:23:00.744-04:00 DEBUG 8020 --- [console-app] [scheduling-1] com.os.console.api.ScheduledKeepAlive    : Token TTL: 545118
2024-07-08T09:23:05.743-04:00 DEBUG 8020 --- [console-app] [scheduling-1] com.os.console.api.ScheduledKeepAlive    : Token TTL: 540119
2024-07-08T09:23:10.752-04:00 DEBUG 8020 --- [console-app] [scheduling-1] com.os.console.api.ScheduledKeepAlive    : Token TTL: 535110
2024-07-08T09:23:15.745-04:00 DEBUG 8020 --- [console-app] [scheduling-1] com.os.console.api.ScheduledKeepAlive    : Token TTL: 530117
2024-07-08T09:23:20.739-04:00 DEBUG 8020 --- [console-app] [scheduling-1] com.os.console.api.ScheduledKeepAlive    : Token TTL: 525123
2024-07-08T09:23:25.750-04:00 DEBUG 8020 --- [console-app] [scheduling-1] com.os.console.api.ScheduledKeepAlive    : Token TTL: 520112
2024-07-08T09:23:30.740-04:00 DEBUG 8020 --- [console-app] [scheduling-1] com.os.console.api.ScheduledKeepAlive    : Token TTL: 515122
2024-07-08T09:23:35.760-04:00 DEBUG 8020 --- [console-app] [scheduling-1] com.os.console.api.ScheduledKeepAlive    : Token TTL: 510102
2024-07-08T09:23:40.749-04:00 DEBUG 8020 --- [console-app] [scheduling-1] com.os.console.api.ScheduledKeepAlive    : Token TTL: 505113
2024-07-08T09:23:45.744-04:00 DEBUG 8020 --- [console-app] [scheduling-1] com.os.console.api.ScheduledKeepAlive    : Token TTL: 500118
2024-07-08T09:23:50.745-04:00 DEBUG 8020 --- [console-app] [scheduling-1] com.os.console.api.ScheduledKeepAlive    : Token TTL: 495117
2024-07-08T09:23:55.743-04:00 DEBUG 8020 --- [console-app] [scheduling-1] com.os.console.api.ScheduledKeepAlive    : Token TTL: 490119
2024-07-08T09:24:00.742-04:00 DEBUG 8020 --- [console-app] [scheduling-1] com.os.console.api.ScheduledKeepAlive    : Token TTL: 485120
2024-07-08T09:24:05.751-04:00 DEBUG 8020 --- [console-app] [scheduling-1] com.os.console.api.ScheduledKeepAlive    : Token TTL: 480111
2024-07-08T09:24:10.744-04:00 DEBUG 8020 --- [console-app] [scheduling-1] com.os.console.api.ScheduledKeepAlive    : Token TTL: 475118
2024-07-08T09:24:15.749-04:00 DEBUG 8020 --- [console-app] [scheduling-1] com.os.console.api.ScheduledKeepAlive    : Token TTL: 470113
2024-07-08T09:24:20.740-04:00 DEBUG 8020 --- [console-app] [scheduling-1] com.os.console.api.ScheduledKeepAlive    : Token TTL: 465122
2024-07-08T09:24:25.742-04:00 DEBUG 8020 --- [console-app] [scheduling-1] com.os.console.api.ScheduledKeepAlive    : Token TTL: 460120
2024-07-08T09:24:30.753-04:00 DEBUG 8020 --- [console-app] [scheduling-1] com.os.console.api.ScheduledKeepAlive    : Token TTL: 455109
2024-07-08T09:24:35.747-04:00 DEBUG 8020 --- [console-app] [scheduling-1] com.os.console.api.ScheduledKeepAlive    : Token TTL: 450115
2024-07-08T09:24:40.742-04:00 DEBUG 8020 --- [console-app] [scheduling-1] com.os.console.api.ScheduledKeepAlive    : Token TTL: 445120
2024-07-08T09:24:45.751-04:00 DEBUG 8020 --- [console-app] [scheduling-1] com.os.console.api.ScheduledKeepAlive    : Token TTL: 440111
2024-07-08T09:24:50.741-04:00 DEBUG 8020 --- [console-app] [scheduling-1] com.os.console.api.ScheduledKeepAlive    : Token TTL: 435121
2024-07-08T09:24:55.742-04:00 DEBUG 8020 --- [console-app] [scheduling-1] com.os.console.api.ScheduledKeepAlive    : Token TTL: 430120
2024-07-08T09:25:00.752-04:00 DEBUG 8020 --- [console-app] [scheduling-1] com.os.console.api.ScheduledKeepAlive    : Token TTL: 425110
2024-07-08T09:25:05.752-04:00 DEBUG 8020 --- [console-app] [scheduling-1] com.os.console.api.ScheduledKeepAlive    : Token TTL: 420110
2024-07-08T09:25:10.743-04:00 DEBUG 8020 --- [console-app] [scheduling-1] com.os.console.api.ScheduledKeepAlive    : Token TTL: 415119
2024-07-08T09:25:15.746-04:00 DEBUG 8020 --- [console-app] [scheduling-1] com.os.console.api.ScheduledKeepAlive    : Token TTL: 410116
2024-07-08T09:25:20.746-04:00 DEBUG 8020 --- [console-app] [scheduling-1] com.os.console.api.ScheduledKeepAlive    : Token TTL: 405116
2024-07-08T09:25:25.750-04:00 DEBUG 8020 --- [console-app] [scheduling-1] com.os.console.api.ScheduledKeepAlive    : Token TTL: 400112
2024-07-08T09:25:30.753-04:00 DEBUG 8020 --- [console-app] [scheduling-1] com.os.console.api.ScheduledKeepAlive    : Token TTL: 395109
2024-07-08T09:25:35.741-04:00 DEBUG 8020 --- [console-app] [scheduling-1] com.os.console.api.ScheduledKeepAlive    : Token TTL: 390121
2024-07-08T09:25:40.752-04:00 DEBUG 8020 --- [console-app] [scheduling-1] com.os.console.api.ScheduledKeepAlive    : Token TTL: 385110
2024-07-08T09:25:45.745-04:00 DEBUG 8020 --- [console-app] [scheduling-1] com.os.console.api.ScheduledKeepAlive    : Token TTL: 380117
2024-07-08T09:25:50.743-04:00 DEBUG 8020 --- [console-app] [scheduling-1] com.os.console.api.ScheduledKeepAlive    : Token TTL: 375119
2024-07-08T09:25:55.754-04:00 DEBUG 8020 --- [console-app] [scheduling-1] com.os.console.api.ScheduledKeepAlive    : Token TTL: 370108
2024-07-08T09:26:00.748-04:00 DEBUG 8020 --- [console-app] [scheduling-1] com.os.console.api.ScheduledKeepAlive    : Token TTL: 365114
2024-07-08T09:26:05.743-04:00 DEBUG 8020 --- [console-app] [scheduling-1] com.os.console.api.ScheduledKeepAlive    : Token TTL: 360119
2024-07-08T09:26:10.743-04:00 DEBUG 8020 --- [console-app] [scheduling-1] com.os.console.api.ScheduledKeepAlive    : Token TTL: 355119
2024-07-08T09:26:15.756-04:00 DEBUG 8020 --- [console-app] [scheduling-1] com.os.console.api.ScheduledKeepAlive    : Token TTL: 350106
2024-07-08T09:26:20.742-04:00 DEBUG 8020 --- [console-app] [scheduling-1] com.os.console.api.ScheduledKeepAlive    : Token TTL: 345120
2024-07-08T09:26:25.748-04:00 DEBUG 8020 --- [console-app] [scheduling-1] com.os.console.api.ScheduledKeepAlive    : Token TTL: 340114
2024-07-08T09:26:30.751-04:00 DEBUG 8020 --- [console-app] [scheduling-1] com.os.console.api.ScheduledKeepAlive    : Token TTL: 335111
2024-07-08T09:26:35.746-04:00 DEBUG 8020 --- [console-app] [scheduling-1] com.os.console.api.ScheduledKeepAlive    : Token TTL: 330116
2024-07-08T09:26:40.748-04:00 DEBUG 8020 --- [console-app] [scheduling-1] com.os.console.api.ScheduledKeepAlive    : Token TTL: 325114
2024-07-08T09:26:45.749-04:00 DEBUG 8020 --- [console-app] [scheduling-1] com.os.console.api.ScheduledKeepAlive    : Token TTL: 320113
2024-07-08T09:26:50.745-04:00 DEBUG 8020 --- [console-app] [scheduling-1] com.os.console.api.ScheduledKeepAlive    : Token TTL: 315117
2024-07-08T09:26:55.747-04:00 DEBUG 8020 --- [console-app] [scheduling-1] com.os.console.api.ScheduledKeepAlive    : Token TTL: 310115
2024-07-08T09:27:00.754-04:00 DEBUG 8020 --- [console-app] [scheduling-1] com.os.console.api.ScheduledKeepAlive    : Token TTL: 305108
2024-07-08T09:27:05.752-04:00 DEBUG 8020 --- [console-app] [scheduling-1] com.os.console.api.ScheduledKeepAlive    : Token TTL: 300110
2024-07-08T09:27:10.750-04:00 DEBUG 8020 --- [console-app] [scheduling-1] com.os.console.api.ScheduledKeepAlive    : Token TTL: 295112
2024-07-08T09:27:15.751-04:00 DEBUG 8020 --- [console-app] [scheduling-1] com.os.console.api.ScheduledKeepAlive    : Token TTL: 290111
2024-07-08T09:27:20.751-04:00 DEBUG 8020 --- [console-app] [scheduling-1] com.os.console.api.ScheduledKeepAlive    : Token TTL: 285111
2024-07-08T09:27:25.742-04:00 DEBUG 8020 --- [console-app] [scheduling-1] com.os.console.api.ScheduledKeepAlive    : Token TTL: 280120
2024-07-08T09:27:30.742-04:00 DEBUG 8020 --- [console-app] [scheduling-1] com.os.console.api.ScheduledKeepAlive    : Token TTL: 275120
2024-07-08T09:27:35.753-04:00 DEBUG 8020 --- [console-app] [scheduling-1] com.os.console.api.ScheduledKeepAlive    : Token TTL: 270109
2024-07-08T09:27:40.751-04:00 DEBUG 8020 --- [console-app] [scheduling-1] com.os.console.api.ScheduledKeepAlive    : Token TTL: 265111
2024-07-08T09:27:45.747-04:00 DEBUG 8020 --- [console-app] [scheduling-1] com.os.console.api.ScheduledKeepAlive    : Token TTL: 260115
2024-07-08T09:27:50.754-04:00 DEBUG 8020 --- [console-app] [scheduling-1] com.os.console.api.ScheduledKeepAlive    : Token TTL: 255108
2024-07-08T09:27:55.755-04:00 DEBUG 8020 --- [console-app] [scheduling-1] com.os.console.api.ScheduledKeepAlive    : Token TTL: 250107
2024-07-08T09:28:00.742-04:00 DEBUG 8020 --- [console-app] [scheduling-1] com.os.console.api.ScheduledKeepAlive    : Token TTL: 245120
2024-07-08T09:28:05.750-04:00 DEBUG 8020 --- [console-app] [scheduling-1] com.os.console.api.ScheduledKeepAlive    : Token TTL: 240112
2024-07-08T09:28:10.746-04:00 DEBUG 8020 --- [console-app] [scheduling-1] com.os.console.api.ScheduledKeepAlive    : Token TTL: 235116
2024-07-08T09:28:15.748-04:00 DEBUG 8020 --- [console-app] [scheduling-1] com.os.console.api.ScheduledKeepAlive    : Token TTL: 230114
2024-07-08T09:28:20.757-04:00 DEBUG 8020 --- [console-app] [scheduling-1] com.os.console.api.ScheduledKeepAlive    : Token TTL: 225105
2024-07-08T09:28:25.746-04:00 DEBUG 8020 --- [console-app] [scheduling-1] com.os.console.api.ScheduledKeepAlive    : Token TTL: 220116
2024-07-08T09:28:30.748-04:00 DEBUG 8020 --- [console-app] [scheduling-1] com.os.console.api.ScheduledKeepAlive    : Token TTL: 215114
2024-07-08T09:28:35.743-04:00 DEBUG 8020 --- [console-app] [scheduling-1] com.os.console.api.ScheduledKeepAlive    : Token TTL: 210119
2024-07-08T09:28:40.745-04:00 DEBUG 8020 --- [console-app] [scheduling-1] com.os.console.api.ScheduledKeepAlive    : Token TTL: 205117
2024-07-08T09:28:45.756-04:00 DEBUG 8020 --- [console-app] [scheduling-1] com.os.console.api.ScheduledKeepAlive    : Token TTL: 200106
2024-07-08T09:28:50.752-04:00 DEBUG 8020 --- [console-app] [scheduling-1] com.os.console.api.ScheduledKeepAlive    : Token TTL: 195110
2024-07-08T09:28:55.752-04:00 DEBUG 8020 --- [console-app] [scheduling-1] com.os.console.api.ScheduledKeepAlive    : Token TTL: 190110
2024-07-08T09:29:00.757-04:00 DEBUG 8020 --- [console-app] [scheduling-1] com.os.console.api.ScheduledKeepAlive    : Token TTL: 185105
2024-07-08T09:29:05.743-04:00 DEBUG 8020 --- [console-app] [scheduling-1] com.os.console.api.ScheduledKeepAlive    : Token TTL: 180119
2024-07-08T09:29:10.752-04:00 DEBUG 8020 --- [console-app] [scheduling-1] com.os.console.api.ScheduledKeepAlive    : Token TTL: 175110
2024-07-08T09:29:15.748-04:00 DEBUG 8020 --- [console-app] [scheduling-1] com.os.console.api.ScheduledKeepAlive    : Token TTL: 170114
2024-07-08T09:29:20.755-04:00 DEBUG 8020 --- [console-app] [scheduling-1] com.os.console.api.ScheduledKeepAlive    : Token TTL: 165107
2024-07-08T09:29:25.745-04:00 DEBUG 8020 --- [console-app] [scheduling-1] com.os.console.api.ScheduledKeepAlive    : Token TTL: 160117
2024-07-08T09:29:30.756-04:00 DEBUG 8020 --- [console-app] [scheduling-1] com.os.console.api.ScheduledKeepAlive    : Token TTL: 155106
2024-07-08T09:29:35.748-04:00 DEBUG 8020 --- [console-app] [scheduling-1] com.os.console.api.ScheduledKeepAlive    : Token TTL: 150114
2024-07-08T09:29:40.747-04:00 DEBUG 8020 --- [console-app] [scheduling-1] com.os.console.api.ScheduledKeepAlive    : Token TTL: 145115
2024-07-08T09:29:45.756-04:00 DEBUG 8020 --- [console-app] [scheduling-1] com.os.console.api.ScheduledKeepAlive    : Token TTL: 140106
2024-07-08T09:29:50.748-04:00 DEBUG 8020 --- [console-app] [scheduling-1] com.os.console.api.ScheduledKeepAlive    : Token TTL: 135114
2024-07-08T09:29:55.745-04:00 DEBUG 8020 --- [console-app] [scheduling-1] com.os.console.api.ScheduledKeepAlive    : Token TTL: 130117
2024-07-08T09:30:00.743-04:00 DEBUG 8020 --- [console-app] [scheduling-1] com.os.console.api.ScheduledKeepAlive    : Token TTL: 125119
2024-07-08T09:30:05.744-04:00 DEBUG 8020 --- [console-app] [scheduling-1] com.os.console.api.ScheduledKeepAlive    : Token TTL: 120118
2024-07-08T09:30:10.757-04:00 DEBUG 8020 --- [console-app] [scheduling-1] com.os.console.api.ScheduledKeepAlive    : Token TTL: 115105
2024-07-08T09:30:15.745-04:00 DEBUG 8020 --- [console-app] [scheduling-1] com.os.console.api.ScheduledKeepAlive    : Token TTL: 110117
2024-07-08T09:30:20.749-04:00 DEBUG 8020 --- [console-app] [scheduling-1] com.os.console.api.ScheduledKeepAlive    : Token TTL: 105113
2024-07-08T09:30:25.750-04:00 DEBUG 8020 --- [console-app] [scheduling-1] com.os.console.api.ScheduledKeepAlive    : Token TTL: 100112
2024-07-08T09:30:30.755-04:00 DEBUG 8020 --- [console-app] [scheduling-1] com.os.console.api.ScheduledKeepAlive    : Token TTL: 95107
2024-07-08T09:30:35.757-04:00 DEBUG 8020 --- [console-app] [scheduling-1] com.os.console.api.ScheduledKeepAlive    : Token TTL: 90105
2024-07-08T09:30:40.757-04:00 DEBUG 8020 --- [console-app] [scheduling-1] com.os.console.api.ScheduledKeepAlive    : Token TTL: 85105
2024-07-08T09:30:45.751-04:00 DEBUG 8020 --- [console-app] [scheduling-1] com.os.console.api.ScheduledKeepAlive    : Token TTL: 80111
2024-07-08T09:30:50.755-04:00 DEBUG 8020 --- [console-app] [scheduling-1] com.os.console.api.ScheduledKeepAlive    : Token TTL: 75107
2024-07-08T09:30:55.753-04:00 DEBUG 8020 --- [console-app] [scheduling-1] com.os.console.api.ScheduledKeepAlive    : Token TTL: 70109
2024-07-08T09:31:00.750-04:00 DEBUG 8020 --- [console-app] [scheduling-1] com.os.console.api.ScheduledKeepAlive    : Token TTL: 65112
2024-07-08T09:31:05.753-04:00 DEBUG 8020 --- [console-app] [scheduling-1] com.os.console.api.ScheduledKeepAlive    : Token TTL: 60109
2024-07-08T09:31:10.749-04:00 DEBUG 8020 --- [console-app] [scheduling-1] com.os.console.api.ScheduledKeepAlive    : Token TTL: 55113
2024-07-08T09:31:15.748-04:00 DEBUG 8020 --- [console-app] [scheduling-1] com.os.console.api.ScheduledKeepAlive    : Token TTL: 50114
2024-07-08T09:31:20.745-04:00 DEBUG 8020 --- [console-app] [scheduling-1] com.os.console.api.ScheduledKeepAlive    : Token TTL: 45117
2024-07-08T09:31:25.749-04:00 DEBUG 8020 --- [console-app] [scheduling-1] com.os.console.api.ScheduledKeepAlive    : Token TTL: 40113
2024-07-08T09:31:30.746-04:00 DEBUG 8020 --- [console-app] [scheduling-1] com.os.console.api.ScheduledKeepAlive    : Token TTL: 35116
2024-07-08T09:31:35.751-04:00 DEBUG 8020 --- [console-app] [scheduling-1] com.os.console.api.ScheduledKeepAlive    : Token TTL: 30111
2024-07-08T09:31:40.753-04:00 DEBUG 8020 --- [console-app] [scheduling-1] com.os.console.api.ScheduledKeepAlive    : Token TTL: 25109
2024-07-08T09:31:45.753-04:00 DEBUG 8020 --- [console-app] [scheduling-1] com.os.console.api.ScheduledKeepAlive    : Token TTL: 20109
2024-07-08T09:31:50.750-04:00 DEBUG 8020 --- [console-app] [scheduling-1] com.os.console.api.ScheduledKeepAlive    : Token TTL: 15112
2024-07-08T09:31:55.748-04:00 DEBUG 8020 --- [console-app] [scheduling-1] com.os.console.api.ScheduledKeepAlive    : Token TTL: 10114
2024-07-08T09:32:00.752-04:00 DEBUG 8020 --- [console-app] [scheduling-1] com.os.console.api.ScheduledKeepAlive    : Token TTL: 5110
2024-07-08T09:32:05.748-04:00 DEBUG 8020 --- [console-app] [scheduling-1] com.os.console.api.ScheduledKeepAlive    : Token TTL: 114
2024-07-08T09:32:05.791-04:00 DEBUG 8020 --- [console-app] [scheduling-1] com.os.console.api.ScheduledKeepAlive    : Token Refresh: 2024-07-08T13:32:05.790693Z
2024-07-08T09:32:10.758-04:00 DEBUG 8020 --- [console-app] [scheduling-1] com.os.console.api.ScheduledKeepAlive    : Token TTL: 895032
2024-07-08T09:32:15.750-04:00 DEBUG 8020 --- [console-app] [scheduling-1] com.os.console.api.ScheduledKeepAlive    : Token TTL: 890040
2024-07-08T09:34:31.738-04:00  INFO 5252 --- [console-app] [main] com.os.console.SpringBootConsoleApp      : Starting SpringBootConsoleApp using Java 17.0.10 with PID 5252 (C:\Users\mschoenberg\git\1source-api\console-app\target\classes started by mschoenberg in C:\Users\mschoenberg\git\1source-api\console-app)
2024-07-08T09:34:31.740-04:00 DEBUG 5252 --- [console-app] [main] com.os.console.SpringBootConsoleApp      : Running with Spring Boot v3.3.1, Spring v6.1.10
2024-07-08T09:34:31.740-04:00  INFO 5252 --- [console-app] [main] com.os.console.SpringBootConsoleApp      : No active profile set, falling back to 1 default profile: "default"
2024-07-08T09:34:33.234-04:00  INFO 5252 --- [console-app] [main] com.os.console.SpringBootConsoleApp      : Started SpringBootConsoleApp in 1.968 seconds (process running for 2.436)
2024-07-08T09:34:33.237-04:00  INFO 5252 --- [console-app] [main] com.os.console.SpringBootConsoleApp      : EXECUTING : command line runner
2024-07-08T09:34:34.026-04:00 DEBUG 5252 --- [console-app] [main] com.os.console.api.tasks.AuthTask        : Ledger access token: eyJhbGciOiJSUzI1NiIsInR5cCIgOiAiSldUIiwia2lkIiA6ICI2YUFiZ2RLQUVyQVhCN2dRV2ZBbDc0a09Qck52WFdhSS1xTjBDckJkN0FjIn0.eyJleHAiOjE3MjA0NDY1NzMsImlhdCI6MTcyMDQ0NTY3MywianRpIjoiMDdmMWY3OTAtYmM2MS00ZjdiLTk5NTYtNDI4NTg2MDhiZjhlIiwiaXNzIjoiaHR0cHM6Ly9xYWF1dGguZXF1aWxlbmQuY29tL2F1dGgvcmVhbG1zLzFTb3VyY2UiLCJzdWIiOiJmNmU4ZGE3Zi0xOTk2LTRlYTgtOWE0Zi01ZjMyOTA5M2E0NmIiLCJ0eXAiOiJCZWFyZXIiLCJhenAiOiJjYW50b24tcGFydGljaXBhbnQxLWNsaWVudCIsInNlc3Npb25fc3RhdGUiOiJkNzJhMmYwNC0zODVkLTQ5OGMtYjNiOC1mMjBhM2NiMmEwNTMiLCJhY3IiOiIxIiwicmVhbG1fYWNjZXNzIjp7InJvbGVzIjpbImRlZmF1bHQtcm9sZXMtMXNvdXJjZSIsIm9mZmxpbmVfYWNjZXNzIiwidW1hX2F1dGhvcml6YXRpb24iXX0sInJlc291cmNlX2FjY2VzcyI6eyJhY2NvdW50Ijp7InJvbGVzIjpbIm1hbmFnZS1hY2NvdW50IiwibWFuYWdlLWFjY291bnQtbGlua3MiLCJ2aWV3LXByb2ZpbGUiXX19LCJzY29wZSI6ImVtYWlsIHByb2ZpbGUgZGFtbF9sZWRnZXJfYXBpIiwic2lkIjoiZDcyYTJmMDQtMzg1ZC00OThjLWIzYjgtZjIwYTNjYjJhMDUzIiwiZW1haWxfdmVyaWZpZWQiOmZhbHNlLCJncm91cHMiOlsiL1BhcnRpY2lwYW50MS9UZXN0TGVuZGVyMSJdLCJwcmVmZXJyZWRfdXNlcm5hbWUiOiJ0ZXN0bGVuZGVyMXVzZXIifQ.a-jb2XyCkgwXr6OjEIXwT8Tl8VhAx454V3S4pSCRFTRBaoLgggLjRejFpf6cN8piCau6j7ZLPrq3fnNE0eJAzGBxEbmBQ-A5_N7aZMgCo7VzFBNhR1ZCqo_VBNBNbceTcWrpYYSjv6cmeGxoAfFwQGTfTnvtBshBjy0QdB1MS_abCWYA0pEjuC3DCzYHNec1F5_ghpMYoN5BJuhys0SbKpPCF6hJu2oCCyUjJFT1Bm5AW3Rp7XAgvjincpRfBx8HS0-r1QTD9AUK4Wpx6VUh5I977ppSgq-e_OLrx1A2rJAQ5rLKd6xMZYmyUvgYrtooqR5B0vpdkLXh82z7QfR1Yg
2024-07-08T09:34:38.220-04:00 DEBUG 5252 --- [console-app] [scheduling-1] com.os.console.api.ScheduledKeepAlive    : Token TTL: 895806
2024-07-08T09:34:42.416-04:00  WARN 5252 --- [console-app] [main] c.os.console.api.tasks.SearchPartyTask   : Invalid party object or party not found
2024-07-08T09:34:43.221-04:00 DEBUG 5252 --- [console-app] [scheduling-1] com.os.console.api.ScheduledKeepAlive    : Token TTL: 890804
2024-07-08T09:34:48.218-04:00 DEBUG 5252 --- [console-app] [scheduling-1] com.os.console.api.ScheduledKeepAlive    : Token TTL: 885807
2024-07-08T09:34:53.233-04:00 DEBUG 5252 --- [console-app] [scheduling-1] com.os.console.api.ScheduledKeepAlive    : Token TTL: 880792
2024-07-08T09:34:58.229-04:00 DEBUG 5252 --- [console-app] [scheduling-1] com.os.console.api.ScheduledKeepAlive    : Token TTL: 875796
2024-07-08T09:35:03.232-04:00 DEBUG 5252 --- [console-app] [scheduling-1] com.os.console.api.ScheduledKeepAlive    : Token TTL: 870793
2024-07-08T09:35:08.224-04:00 DEBUG 5252 --- [console-app] [scheduling-1] com.os.console.api.ScheduledKeepAlive    : Token TTL: 865801
2024-07-08T09:35:13.229-04:00 DEBUG 5252 --- [console-app] [scheduling-1] com.os.console.api.ScheduledKeepAlive    : Token TTL: 860796
2024-07-08T09:35:18.231-04:00 DEBUG 5252 --- [console-app] [scheduling-1] com.os.console.api.ScheduledKeepAlive    : Token TTL: 855794
2024-07-08T09:35:23.227-04:00 DEBUG 5252 --- [console-app] [scheduling-1] com.os.console.api.ScheduledKeepAlive    : Token TTL: 850798
2024-07-08T09:35:28.227-04:00 DEBUG 5252 --- [console-app] [scheduling-1] com.os.console.api.ScheduledKeepAlive    : Token TTL: 845798
2024-07-08T10:12:11.191-04:00  INFO 11984 --- [console-app] [main] com.os.console.SpringBootConsoleApp      : Starting SpringBootConsoleApp using Java 17.0.10 with PID 11984 (C:\Users\mschoenberg\git\1source-api\console-app\target\classes started by mschoenberg in C:\Users\mschoenberg\git\1source-api\console-app)
2024-07-08T10:12:11.193-04:00 DEBUG 11984 --- [console-app] [main] com.os.console.SpringBootConsoleApp      : Running with Spring Boot v3.3.1, Spring v6.1.10
2024-07-08T10:12:11.194-04:00  INFO 11984 --- [console-app] [main] com.os.console.SpringBootConsoleApp      : No active profile set, falling back to 1 default profile: "default"
2024-07-08T10:12:12.753-04:00  INFO 11984 --- [console-app] [main] com.os.console.SpringBootConsoleApp      : Started SpringBootConsoleApp in 2.093 seconds (process running for 2.614)
2024-07-08T10:12:12.756-04:00  INFO 11984 --- [console-app] [main] com.os.console.SpringBootConsoleApp      : EXECUTING : command line runner
2024-07-08T10:12:13.543-04:00 DEBUG 11984 --- [console-app] [main] com.os.console.api.tasks.AuthTask        : Ledger access token: eyJhbGciOiJSUzI1NiIsInR5cCIgOiAiSldUIiwia2lkIiA6ICI2YUFiZ2RLQUVyQVhCN2dRV2ZBbDc0a09Qck52WFdhSS1xTjBDckJkN0FjIn0.eyJleHAiOjE3MjA0NDg4MzMsImlhdCI6MTcyMDQ0NzkzMywianRpIjoiNGY4MjgyOTYtYWZjZS00M2IyLWJiZTYtMDYwYWEzYzVkMTQ5IiwiaXNzIjoiaHR0cHM6Ly9xYWF1dGguZXF1aWxlbmQuY29tL2F1dGgvcmVhbG1zLzFTb3VyY2UiLCJzdWIiOiJmNmU4ZGE3Zi0xOTk2LTRlYTgtOWE0Zi01ZjMyOTA5M2E0NmIiLCJ0eXAiOiJCZWFyZXIiLCJhenAiOiJjYW50b24tcGFydGljaXBhbnQxLWNsaWVudCIsInNlc3Npb25fc3RhdGUiOiI2MzgzNzM5ZC02NjFmLTQxODktYWI2My1mODQ1MzUxZWQyZDAiLCJhY3IiOiIxIiwicmVhbG1fYWNjZXNzIjp7InJvbGVzIjpbImRlZmF1bHQtcm9sZXMtMXNvdXJjZSIsIm9mZmxpbmVfYWNjZXNzIiwidW1hX2F1dGhvcml6YXRpb24iXX0sInJlc291cmNlX2FjY2VzcyI6eyJhY2NvdW50Ijp7InJvbGVzIjpbIm1hbmFnZS1hY2NvdW50IiwibWFuYWdlLWFjY291bnQtbGlua3MiLCJ2aWV3LXByb2ZpbGUiXX19LCJzY29wZSI6ImVtYWlsIHByb2ZpbGUgZGFtbF9sZWRnZXJfYXBpIiwic2lkIjoiNjM4MzczOWQtNjYxZi00MTg5LWFiNjMtZjg0NTM1MWVkMmQwIiwiZW1haWxfdmVyaWZpZWQiOmZhbHNlLCJncm91cHMiOlsiL1BhcnRpY2lwYW50MS9UZXN0TGVuZGVyMSJdLCJwcmVmZXJyZWRfdXNlcm5hbWUiOiJ0ZXN0bGVuZGVyMXVzZXIifQ.WUhmUe9SNAylv83K-P8gjAqZXuYx9zHlUf4heYxhrFI77WFKwyX_N9Tu1a2rbUZOuJQ5geKMWNdwbNpR4mHzCfWUBCPbzcnYMFZD93MK1fZ-ObIdj6Qc9WaHMRit0yl1hnAW0aD0sSiyKEXkubCPIGGLHaung687S-AZnJP7gvWMFZULc0xuDIj_o4ZgGkHCVSoZ1uz8RCCXPkambMGNypWOxVgU1ECnyi1BkVFU0z5VqBDYdZ3TX7Zy5Qf8ZieEDE8M_2-Si3fNp3FRq41r-BTc5v6ekBPl7d78PRk_L0tO8rhLDiNSQa0eirsIsYp0v65x5Rz2dfAWC7qhXsq_Sw
2024-07-08T10:12:17.747-04:00 DEBUG 11984 --- [console-app] [scheduling-1] com.os.console.api.ScheduledKeepAlive    : Token TTL: 895794
2024-07-08T10:12:22.746-04:00 DEBUG 11984 --- [console-app] [scheduling-1] com.os.console.api.ScheduledKeepAlive    : Token TTL: 890795
2024-07-08T10:12:27.745-04:00 DEBUG 11984 --- [console-app] [scheduling-1] com.os.console.api.ScheduledKeepAlive    : Token TTL: 885796
2024-07-08T10:12:32.749-04:00 DEBUG 11984 --- [console-app] [scheduling-1] com.os.console.api.ScheduledKeepAlive    : Token TTL: 880792
2024-07-08T10:12:37.752-04:00 DEBUG 11984 --- [console-app] [scheduling-1] com.os.console.api.ScheduledKeepAlive    : Token TTL: 875789
2024-07-08T10:13:09.592-04:00  INFO 14616 --- [console-app] [main] com.os.console.SpringBootConsoleApp      : Starting SpringBootConsoleApp using Java 17.0.10 with PID 14616 (C:\Users\mschoenberg\git\1source-api\console-app\target\classes started by mschoenberg in C:\Users\mschoenberg\git\1source-api\console-app)
2024-07-08T10:13:09.593-04:00 DEBUG 14616 --- [console-app] [main] com.os.console.SpringBootConsoleApp      : Running with Spring Boot v3.3.1, Spring v6.1.10
2024-07-08T10:13:09.594-04:00  INFO 14616 --- [console-app] [main] com.os.console.SpringBootConsoleApp      : No active profile set, falling back to 1 default profile: "default"
2024-07-08T10:13:11.082-04:00  INFO 14616 --- [console-app] [main] com.os.console.SpringBootConsoleApp      : Started SpringBootConsoleApp in 2.044 seconds (process running for 2.506)
2024-07-08T10:13:11.085-04:00  INFO 14616 --- [console-app] [main] com.os.console.SpringBootConsoleApp      : EXECUTING : command line runner
2024-07-08T10:13:11.834-04:00 DEBUG 14616 --- [console-app] [main] com.os.console.api.tasks.AuthTask        : Ledger access token: eyJhbGciOiJSUzI1NiIsInR5cCIgOiAiSldUIiwia2lkIiA6ICI2YUFiZ2RLQUVyQVhCN2dRV2ZBbDc0a09Qck52WFdhSS1xTjBDckJkN0FjIn0.eyJleHAiOjE3MjA0NDg4OTEsImlhdCI6MTcyMDQ0Nzk5MSwianRpIjoiZWFjMGUxZjEtNGUwNi00Yzc5LWFjYTMtNzFiZDRlM2IzZDZlIiwiaXNzIjoiaHR0cHM6Ly9xYWF1dGguZXF1aWxlbmQuY29tL2F1dGgvcmVhbG1zLzFTb3VyY2UiLCJzdWIiOiJmNmU4ZGE3Zi0xOTk2LTRlYTgtOWE0Zi01ZjMyOTA5M2E0NmIiLCJ0eXAiOiJCZWFyZXIiLCJhenAiOiJjYW50b24tcGFydGljaXBhbnQxLWNsaWVudCIsInNlc3Npb25fc3RhdGUiOiI0YmQ1OTcyYi04ZGRhLTQ1YzQtOWFiZi02NmI3NmUzNGU3YjYiLCJhY3IiOiIxIiwicmVhbG1fYWNjZXNzIjp7InJvbGVzIjpbImRlZmF1bHQtcm9sZXMtMXNvdXJjZSIsIm9mZmxpbmVfYWNjZXNzIiwidW1hX2F1dGhvcml6YXRpb24iXX0sInJlc291cmNlX2FjY2VzcyI6eyJhY2NvdW50Ijp7InJvbGVzIjpbIm1hbmFnZS1hY2NvdW50IiwibWFuYWdlLWFjY291bnQtbGlua3MiLCJ2aWV3LXByb2ZpbGUiXX19LCJzY29wZSI6ImVtYWlsIHByb2ZpbGUgZGFtbF9sZWRnZXJfYXBpIiwic2lkIjoiNGJkNTk3MmItOGRkYS00NWM0LTlhYmYtNjZiNzZlMzRlN2I2IiwiZW1haWxfdmVyaWZpZWQiOmZhbHNlLCJncm91cHMiOlsiL1BhcnRpY2lwYW50MS9UZXN0TGVuZGVyMSJdLCJwcmVmZXJyZWRfdXNlcm5hbWUiOiJ0ZXN0bGVuZGVyMXVzZXIifQ.CupetBlearw3fjqLQGBDPy4K7rV5Xpsa-fYMie6Q4kzyVWxsWSLH1hNWZapYIkw65nxVX6nsXN6SaWSJa57DKzGzDT-bYoo_s76AfiHYl4d64YhZ5V9Ulc8zXOy98XQ5vbko_4kM01BhCh7_Osz8OwH6wY0jUkstWCD91frJ9HaWdEgEirvocSNih6cXuCqEZzqw81cnVkFEYq7Iz9QpVL8TDmNYsEtEi1ERjBne-VH-tM0Y9MeXRgR1XENO4sp5ertoVY6q7LN-yHx7k-k0AZH6eUyW6FDqBCC8H0yDFwPNYCp_eDAzmtJ6fGrdbRFm-HiHx_VgQHro5s5kOlIkjw
2024-07-08T10:13:16.074-04:00 DEBUG 14616 --- [console-app] [scheduling-1] com.os.console.api.ScheduledKeepAlive    : Token TTL: 895758
2024-07-08T10:13:21.075-04:00 DEBUG 14616 --- [console-app] [scheduling-1] com.os.console.api.ScheduledKeepAlive    : Token TTL: 890757
2024-07-08T10:13:26.074-04:00 DEBUG 14616 --- [console-app] [scheduling-1] com.os.console.api.ScheduledKeepAlive    : Token TTL: 885758
2024-07-08T10:13:31.077-04:00 DEBUG 14616 --- [console-app] [scheduling-1] com.os.console.api.ScheduledKeepAlive    : Token TTL: 880755
2024-07-08T10:13:36.085-04:00 DEBUG 14616 --- [console-app] [scheduling-1] com.os.console.api.ScheduledKeepAlive    : Token TTL: 875748
2024-07-08T10:13:41.076-04:00 DEBUG 14616 --- [console-app] [scheduling-1] com.os.console.api.ScheduledKeepAlive    : Token TTL: 870756
2024-07-08T10:13:46.081-04:00 DEBUG 14616 --- [console-app] [scheduling-1] com.os.console.api.ScheduledKeepAlive    : Token TTL: 865751
2024-07-08T10:13:51.078-04:00 DEBUG 14616 --- [console-app] [scheduling-1] com.os.console.api.ScheduledKeepAlive    : Token TTL: 860754
2024-07-08T10:13:56.083-04:00 DEBUG 14616 --- [console-app] [scheduling-1] com.os.console.api.ScheduledKeepAlive    : Token TTL: 855749
2024-07-08T10:14:01.076-04:00 DEBUG 14616 --- [console-app] [scheduling-1] com.os.console.api.ScheduledKeepAlive    : Token TTL: 850756
2024-07-08T10:14:06.078-04:00 DEBUG 14616 --- [console-app] [scheduling-1] com.os.console.api.ScheduledKeepAlive    : Token TTL: 845754
2024-07-08T10:14:11.073-04:00 DEBUG 14616 --- [console-app] [scheduling-1] com.os.console.api.ScheduledKeepAlive    : Token TTL: 840759
2024-07-08T10:14:16.077-04:00 DEBUG 14616 --- [console-app] [scheduling-1] com.os.console.api.ScheduledKeepAlive    : Token TTL: 835755
2024-07-08T10:14:20.407-04:00 DEBUG 14616 --- [console-app] [main] c.o.c.api.tasks.ProposeContractTask      : {"trade":{"venues":[{"type":"OFFPLATFORM","venueRefKey":"CONSOLE1720448054515"}],"instrument":{"ticker":"NVST","cusip":"29415F104","isin":"US29415F1049","sedol":"BK63SF3","figi":"BBG00LN4B5N0","marketCd":"US","description":"ENVISTA HOLDINGS CORPORATION COM","price":{"value":16.29,"currency":"USD","unit":"SHARE"}},"rate":{"rebate":{"floating":{"benchmark":"OBFR","spread":81.0,"isAutoRerate":true,"effectiveDate":"2024-07-08","cutoffTime":"18:00"}}},"quantity":85300,"billingCurrency":"USD","dividendRatePct":85.0,"tradeDate":"2024-07-08","termType":"OPEN","settlementDate":"2024-07-09","settlementType":"DVP","collateral":{"contractPrice":16.29,"contractValue":1389537.0,"collateralValue":1417327.74,"currency":"USD","type":"CASH","margin":102.0,"roundingRule":10,"roundingMode":"ALWAYSUP"},"transactingParties":[{"partyRole":"BORROWER","party":{"partyId":"TBORR-US","partyName":"TestBorrower1","gleifLei":"KTB500SKZSDI75VSFU40"},"internalRef":{}},{"partyRole":"LENDER","party":{"partyId":"TLEN-US","partyName":"TestLender1","gleifLei":"KTB500SKZSDI75VSFU40"},"internalRef":{"internalRefId":"17d3c43f-6889-43cd-b004-3afa88d07bc9"}}]},"settlement":[{"partyRole":"LENDER","settlementStatus":"NONE","internalAcctCd":"ACCT1SDTC-Console","instruction":{"settlementBic":"DTCYUS33","localAgentBic":"IRVTBEBBXXX","localAgentName":"THE BANK OF NEW YORK MELLON SA/NV","localAgentAcct":"AGNT12345","dtcParticipantNumber":"0901","custodianName":"THE BANK OF NEW YORK MELLON SA/NV","custodianBic":"IRVTBEBBXXX","custodianAcct":"CUST12345"}}]}
2024-07-08T10:14:21.074-04:00 DEBUG 14616 --- [console-app] [scheduling-1] com.os.console.api.ScheduledKeepAlive    : Token TTL: 830758
2024-07-08T10:14:26.084-04:00 DEBUG 14616 --- [console-app] [scheduling-1] com.os.console.api.ScheduledKeepAlive    : Token TTL: 825748
2024-07-08T10:14:31.078-04:00 DEBUG 14616 --- [console-app] [scheduling-1] com.os.console.api.ScheduledKeepAlive    : Token TTL: 820754
2024-07-08T10:14:36.082-04:00 DEBUG 14616 --- [console-app] [scheduling-1] com.os.console.api.ScheduledKeepAlive    : Token TTL: 815750
2024-07-08T10:14:41.085-04:00 DEBUG 14616 --- [console-app] [scheduling-1] com.os.console.api.ScheduledKeepAlive    : Token TTL: 810747
2024-07-08T10:14:46.079-04:00 DEBUG 14616 --- [console-app] [scheduling-1] com.os.console.api.ScheduledKeepAlive    : Token TTL: 805753
2024-07-08T10:14:51.073-04:00 DEBUG 14616 --- [console-app] [scheduling-1] com.os.console.api.ScheduledKeepAlive    : Token TTL: 800759
2024-07-08T10:14:56.072-04:00 DEBUG 14616 --- [console-app] [scheduling-1] com.os.console.api.ScheduledKeepAlive    : Token TTL: 795760
2024-07-08T10:15:01.078-04:00 DEBUG 14616 --- [console-app] [scheduling-1] com.os.console.api.ScheduledKeepAlive    : Token TTL: 790754
2024-07-08T10:15:06.084-04:00 DEBUG 14616 --- [console-app] [scheduling-1] com.os.console.api.ScheduledKeepAlive    : Token TTL: 785748
2024-07-08T10:15:11.085-04:00 DEBUG 14616 --- [console-app] [scheduling-1] com.os.console.api.ScheduledKeepAlive    : Token TTL: 780747
2024-07-08T10:16:50.205-04:00  INFO 12264 --- [console-app] [main] com.os.console.SpringBootConsoleApp      : Starting SpringBootConsoleApp using Java 17.0.10 with PID 12264 (C:\Users\mschoenberg\git\1source-api\console-app\target\classes started by mschoenberg in C:\Users\mschoenberg\git\1source-api\console-app)
2024-07-08T10:16:50.206-04:00 DEBUG 12264 --- [console-app] [main] com.os.console.SpringBootConsoleApp      : Running with Spring Boot v3.3.1, Spring v6.1.10
2024-07-08T10:16:50.206-04:00  INFO 12264 --- [console-app] [main] com.os.console.SpringBootConsoleApp      : No active profile set, falling back to 1 default profile: "default"
2024-07-08T10:16:51.756-04:00  INFO 12264 --- [console-app] [main] com.os.console.SpringBootConsoleApp      : Started SpringBootConsoleApp in 2.037 seconds (process running for 2.543)
2024-07-08T10:16:51.759-04:00  INFO 12264 --- [console-app] [main] com.os.console.SpringBootConsoleApp      : EXECUTING : command line runner
2024-07-08T10:16:52.567-04:00 DEBUG 12264 --- [console-app] [main] com.os.console.api.tasks.AuthTask        : Ledger access token: eyJhbGciOiJSUzI1NiIsInR5cCIgOiAiSldUIiwia2lkIiA6ICI2YUFiZ2RLQUVyQVhCN2dRV2ZBbDc0a09Qck52WFdhSS1xTjBDckJkN0FjIn0.eyJleHAiOjE3MjA0NDkxMTIsImlhdCI6MTcyMDQ0ODIxMiwianRpIjoiMGMwYjdmMjYtZTQyYS00ZTE2LTg0OGMtYmViZmNiNjI0MDA0IiwiaXNzIjoiaHR0cHM6Ly9xYWF1dGguZXF1aWxlbmQuY29tL2F1dGgvcmVhbG1zLzFTb3VyY2UiLCJzdWIiOiJmNmU4ZGE3Zi0xOTk2LTRlYTgtOWE0Zi01ZjMyOTA5M2E0NmIiLCJ0eXAiOiJCZWFyZXIiLCJhenAiOiJjYW50b24tcGFydGljaXBhbnQxLWNsaWVudCIsInNlc3Npb25fc3RhdGUiOiJjNjBhNzg3My04MzZjLTRlNjMtYjZmYy1kNTE4Zjc0YmJjYWUiLCJhY3IiOiIxIiwicmVhbG1fYWNjZXNzIjp7InJvbGVzIjpbImRlZmF1bHQtcm9sZXMtMXNvdXJjZSIsIm9mZmxpbmVfYWNjZXNzIiwidW1hX2F1dGhvcml6YXRpb24iXX0sInJlc291cmNlX2FjY2VzcyI6eyJhY2NvdW50Ijp7InJvbGVzIjpbIm1hbmFnZS1hY2NvdW50IiwibWFuYWdlLWFjY291bnQtbGlua3MiLCJ2aWV3LXByb2ZpbGUiXX19LCJzY29wZSI6ImVtYWlsIHByb2ZpbGUgZGFtbF9sZWRnZXJfYXBpIiwic2lkIjoiYzYwYTc4NzMtODM2Yy00ZTYzLWI2ZmMtZDUxOGY3NGJiY2FlIiwiZW1haWxfdmVyaWZpZWQiOmZhbHNlLCJncm91cHMiOlsiL1BhcnRpY2lwYW50MS9UZXN0TGVuZGVyMSJdLCJwcmVmZXJyZWRfdXNlcm5hbWUiOiJ0ZXN0bGVuZGVyMXVzZXIifQ.XtqRv0oldgibc_RZd0iSsbaakfOyNLOHFIfpD41mc-o4U8Wc1Ms1tVFtGwVGoRZH_xozxYFWWn5PG53uh3wy1wxajumm29NR9C7ZZ8h3MS2Z9QktuO6r8pe9tKBzmF3nkvXLA3lmcIhrUfN6Gx4_duxT2vKy_GPgkSSM10Zx9HtcVbIdceCCUcsOV-4x1ytYOnC9EHdmllmKlpZO7hCD-jEMiIMerzZ8roEYQMqQm46yokXPvT6C2PIGeZcEZr79_rZbx9oTpaFoScTO06rV62IdyYKkU3vlieLsI273qaxiANT1xO71KjTecP6PFDumHSqU9b9YVaFnZOgBPr8E8Q
2024-07-08T10:16:56.749-04:00 DEBUG 12264 --- [console-app] [scheduling-1] com.os.console.api.ScheduledKeepAlive    : Token TTL: 895817
2024-07-08T10:17:01.748-04:00 DEBUG 12264 --- [console-app] [scheduling-1] com.os.console.api.ScheduledKeepAlive    : Token TTL: 890817
2024-07-08T10:17:06.752-04:00 DEBUG 12264 --- [console-app] [scheduling-1] com.os.console.api.ScheduledKeepAlive    : Token TTL: 885813
2024-07-08T10:17:11.746-04:00 DEBUG 12264 --- [console-app] [scheduling-1] com.os.console.api.ScheduledKeepAlive    : Token TTL: 880819
2024-07-08T10:17:16.760-04:00 DEBUG 12264 --- [console-app] [scheduling-1] com.os.console.api.ScheduledKeepAlive    : Token TTL: 875805
2024-07-08T10:17:21.746-04:00 DEBUG 12264 --- [console-app] [scheduling-1] com.os.console.api.ScheduledKeepAlive    : Token TTL: 870819
2024-07-08T10:17:26.749-04:00 DEBUG 12264 --- [console-app] [scheduling-1] com.os.console.api.ScheduledKeepAlive    : Token TTL: 865816
2024-07-08T10:17:31.757-04:00 DEBUG 12264 --- [console-app] [scheduling-1] com.os.console.api.ScheduledKeepAlive    : Token TTL: 860808
2024-07-08T10:17:36.756-04:00 DEBUG 12264 --- [console-app] [scheduling-1] com.os.console.api.ScheduledKeepAlive    : Token TTL: 855809
2024-07-08T10:17:41.759-04:00 DEBUG 12264 --- [console-app] [scheduling-1] com.os.console.api.ScheduledKeepAlive    : Token TTL: 850806
2024-07-08T10:17:46.751-04:00 DEBUG 12264 --- [console-app] [scheduling-1] com.os.console.api.ScheduledKeepAlive    : Token TTL: 845814
2024-07-08T10:17:51.749-04:00 DEBUG 12264 --- [console-app] [scheduling-1] com.os.console.api.ScheduledKeepAlive    : Token TTL: 840816
2024-07-08T10:17:56.759-04:00 DEBUG 12264 --- [console-app] [scheduling-1] com.os.console.api.ScheduledKeepAlive    : Token TTL: 835806
